Replace Part C6 Cap 0.1uF (0603) in D:\GitHub\Formula Student\DV\TSAL\Altium\RelayDetect\DetectionPart.SchDoc with Cap 0.1uF (0603) from BRT_Components.IntLib
Replace Part C7 Cap 0.1uF (0603) in D:\GitHub\Formula Student\DV\TSAL\Altium\RelayDetect\DetectionPart.SchDoc with Cap 0.1uF (0603) from BRT_Components.IntLib
Replace Part C8 Cap 0.1uF (0603) in D:\GitHub\Formula Student\DV\TSAL\Altium\RelayDetect\DetectionPart.SchDoc with Cap 0.1uF (0603) from BRT_Components.IntLib
Replace Part C9 Cap 0.1uF (0603) in D:\GitHub\Formula Student\DV\TSAL\Altium\RelayDetect\DetectionPart.SchDoc with Cap 0.1uF (0603) from BRT_Components.IntLib
Replace Part C10 Cap 0.1uF (0603) in D:\GitHub\Formula Student\DV\TSAL\Altium\RelayDetect\DetectionPart.SchDoc with Cap 0.1uF (0603) from BRT_Components.IntLib
Replace Part C11 Cap 0.1uF (0603) in D:\GitHub\Formula Student\DV\TSAL\Altium\RelayDetect\DetectionPart.SchDoc with Cap 0.1uF (0603) from BRT_Components.IntLib
Replace Part R6 Res 1k (0603) in D:\GitHub\Formula Student\DV\TSAL\Altium\RelayDetect\DetectionPart.SchDoc with Res 1k (0603) from BRT_Components.IntLib
Replace Part R7 Res 1k (0603) in D:\GitHub\Formula Student\DV\TSAL\Altium\RelayDetect\DetectionPart.SchDoc with Res 1k (0603) from BRT_Components.IntLib
Replace Part R8 Res 1k (0603) in D:\GitHub\Formula Student\DV\TSAL\Altium\RelayDetect\DetectionPart.SchDoc with Res 1k (0603) from BRT_Components.IntLib
Replace Part R9 Res 4.7k (0603) in D:\GitHub\Formula Student\DV\TSAL\Altium\RelayDetect\DetectionPart.SchDoc with Res 4.7k (0603) from BRT_Components.IntLib
Replace Part R10 Res 4.7k (0603) in D:\GitHub\Formula Student\DV\TSAL\Altium\RelayDetect\DetectionPart.SchDoc with Res 4.7k (0603) from BRT_Components.IntLib
Replace Part R11 Res 4.7k (0603) in D:\GitHub\Formula Student\DV\TSAL\Altium\RelayDetect\DetectionPart.SchDoc with Res 4.7k (0603) from BRT_Components.IntLib
Replace Part R12 Res 1k (0603) in D:\GitHub\Formula Student\DV\TSAL\Altium\RelayDetect\DetectionPart.SchDoc with Res 1k (0603) from BRT_Components.IntLib
Replace Part R13 Res 1k (0603) in D:\GitHub\Formula Student\DV\TSAL\Altium\RelayDetect\DetectionPart.SchDoc with Res 1k (0603) from BRT_Components.IntLib
Replace Part R14 Res 1k (0603) in D:\GitHub\Formula Student\DV\TSAL\Altium\RelayDetect\DetectionPart.SchDoc with Res 1k (0603) from BRT_Components.IntLib
Replace Part R15 Res 1k (0603) in D:\GitHub\Formula Student\DV\TSAL\Altium\RelayDetect\DetectionPart.SchDoc with Res 1k (0603) from BRT_Components.IntLib
Replace Part U7 Comparator [LMV] in D:\GitHub\Formula Student\DV\TSAL\Altium\RelayDetect\DetectionPart.SchDoc with Comparator [LMV] from BRT_Components.IntLib
Replace Part U10 Comparator [LMV] in D:\GitHub\Formula Student\DV\TSAL\Altium\RelayDetect\DetectionPart.SchDoc with Comparator [LMV] from BRT_Components.IntLib
Replace Part U11 Comparator [LMV] in D:\GitHub\Formula Student\DV\TSAL\Altium\RelayDetect\DetectionPart.SchDoc with Comparator [LMV] from BRT_Components.IntLib
Replace Part U12 Comparator [LMV] in D:\GitHub\Formula Student\DV\TSAL\Altium\RelayDetect\DetectionPart.SchDoc with Comparator [LMV] from BRT_Components.IntLib
Replace Part U13 Inventer (SN74) in D:\GitHub\Formula Student\DV\TSAL\Altium\RelayDetect\DetectionPart.SchDoc with Inventer (SN74) from BRT_Components.IntLib
Replace Part U13 Inventer (SN74) in D:\GitHub\Formula Student\DV\TSAL\Altium\RelayDetect\DetectionPart.SchDoc with Inventer (SN74) from BRT_Components.IntLib
Replace Part U13 Inventer (SN74) in D:\GitHub\Formula Student\DV\TSAL\Altium\RelayDetect\DetectionPart.SchDoc with Inventer (SN74) from BRT_Components.IntLib
Replace Part U14 Comparator [LMV] in D:\GitHub\Formula Student\DV\TSAL\Altium\RelayDetect\DetectionPart.SchDoc with Comparator [LMV] from BRT_Components.IntLib
Replace Part U15 Comparator [LMV] in D:\GitHub\Formula Student\DV\TSAL\Altium\RelayDetect\DetectionPart.SchDoc with Comparator [LMV] from BRT_Components.IntLib
Replace Part U16 Inventer (SN74) in D:\GitHub\Formula Student\DV\TSAL\Altium\RelayDetect\DetectionPart.SchDoc with Inventer (SN74) from BRT_Components.IntLib
Replace Part U16 Inventer (SN74) in D:\GitHub\Formula Student\DV\TSAL\Altium\RelayDetect\DetectionPart.SchDoc with Inventer (SN74) from BRT_Components.IntLib
Replace Part U16 Inventer (SN74) in D:\GitHub\Formula Student\DV\TSAL\Altium\RelayDetect\DetectionPart.SchDoc with Inventer (SN74) from BRT_Components.IntLib
Replace Part U18 Comparator [LMV] in D:\GitHub\Formula Student\DV\TSAL\Altium\RelayDetect\DetectionPart.SchDoc with Comparator [LMV] from BRT_Components.IntLib
Replace Part U19 Comparator [LMV] in D:\GitHub\Formula Student\DV\TSAL\Altium\RelayDetect\DetectionPart.SchDoc with Comparator [LMV] from BRT_Components.IntLib
Replace Part U20 Comparator [LMV] in D:\GitHub\Formula Student\DV\TSAL\Altium\RelayDetect\DetectionPart.SchDoc with Comparator [LMV] from BRT_Components.IntLib
Replace Part U21 Comparator [LMV] in D:\GitHub\Formula Student\DV\TSAL\Altium\RelayDetect\DetectionPart.SchDoc with Comparator [LMV] from BRT_Components.IntLib
Replace Part U23 Comparator [LMV] in D:\GitHub\Formula Student\DV\TSAL\Altium\RelayDetect\DetectionPart.SchDoc with Comparator [LMV] from BRT_Components.IntLib
Replace Part U24 Comparator [LMV] in D:\GitHub\Formula Student\DV\TSAL\Altium\RelayDetect\DetectionPart.SchDoc with Comparator [LMV] from BRT_Components.IntLib
