Replace Part C6 Cap 0.1uF (0603) in F:\BRT\TSAL\TSAL\Altium\RelayDetect\DetectionPart.SchDoc with Cap 0.1uF (0603) from BRT_Components.IntLib
Replace Part C7 Cap 0.1uF (0603) in F:\BRT\TSAL\TSAL\Altium\RelayDetect\DetectionPart.SchDoc with Cap 0.1uF (0603) from BRT_Components.IntLib
Replace Part C8 Cap 0.1uF (0603) in F:\BRT\TSAL\TSAL\Altium\RelayDetect\DetectionPart.SchDoc with Cap 0.1uF (0603) from BRT_Components.IntLib
Replace Part C9 Cap 0.1uF (0603) in F:\BRT\TSAL\TSAL\Altium\RelayDetect\DetectionPart.SchDoc with Cap 0.1uF (0603) from BRT_Components.IntLib
Replace Part C10 Cap 0.1uF (0603) in F:\BRT\TSAL\TSAL\Altium\RelayDetect\DetectionPart.SchDoc with Cap 0.1uF (0603) from BRT_Components.IntLib
Replace Part C11 Cap 0.1uF (0603) in F:\BRT\TSAL\TSAL\Altium\RelayDetect\DetectionPart.SchDoc with Cap 0.1uF (0603) from BRT_Components.IntLib
Replace Part J2 Conn 2 [MicroFit] in F:\BRT\TSAL\TSAL\Altium\RelayDetect\DetectionPart.SchDoc with Conn 2 [MicroFit] from BRT_Components.IntLib
Replace Part J3 Conn 2 [MicroFit] in F:\BRT\TSAL\TSAL\Altium\RelayDetect\DetectionPart.SchDoc with Conn 2 [MicroFit] from BRT_Components.IntLib
Replace Part J4 Conn 2 [MicroFit] in F:\BRT\TSAL\TSAL\Altium\RelayDetect\DetectionPart.SchDoc with Conn 2 [MicroFit] from BRT_Components.IntLib
Replace Part J5 Conn 2 [MicroFit] in F:\BRT\TSAL\TSAL\Altium\RelayDetect\DetectionPart.SchDoc with Conn 2 [MicroFit] from BRT_Components.IntLib
Replace Part R11 Res 1k (0603) in F:\BRT\TSAL\TSAL\Altium\RelayDetect\DetectionPart.SchDoc with Res 1k (0603) from BRT_Components.IntLib
Replace Part R12 Res 1k (0603) in F:\BRT\TSAL\TSAL\Altium\RelayDetect\DetectionPart.SchDoc with Res 1k (0603) from BRT_Components.IntLib
Replace Part R13 Res 1k (0603) in F:\BRT\TSAL\TSAL\Altium\RelayDetect\DetectionPart.SchDoc with Res 1k (0603) from BRT_Components.IntLib
Replace Part R14 Res 1k (0603) in F:\BRT\TSAL\TSAL\Altium\RelayDetect\DetectionPart.SchDoc with Res 1k (0603) from BRT_Components.IntLib
Replace Part R15 Res 1k (0603) in F:\BRT\TSAL\TSAL\Altium\RelayDetect\DetectionPart.SchDoc with Res 1k (0603) from BRT_Components.IntLib
Replace Part R16 Res 1k (0603) in F:\BRT\TSAL\TSAL\Altium\RelayDetect\DetectionPart.SchDoc with Res 1k (0603) from BRT_Components.IntLib
Replace Part R17 Res 1k (0603) in F:\BRT\TSAL\TSAL\Altium\RelayDetect\DetectionPart.SchDoc with Res 1k (0603) from BRT_Components.IntLib
Replace Part R18 Res 1k (0603) in F:\BRT\TSAL\TSAL\Altium\RelayDetect\DetectionPart.SchDoc with Res 1k (0603) from BRT_Components.IntLib
Replace Part U9 Comparator [LMV] in F:\BRT\TSAL\TSAL\Altium\RelayDetect\DetectionPart.SchDoc with Comparator [LMV] from BRT_Components.IntLib
Replace Part U10 Inverter in F:\BRT\TSAL\TSAL\Altium\RelayDetect\DetectionPart.SchDoc with Inverter from TSAL.IntLib
Replace Part U10 Inverter in F:\BRT\TSAL\TSAL\Altium\RelayDetect\DetectionPart.SchDoc with Inverter from TSAL.IntLib
Replace Part U10 Inverter in F:\BRT\TSAL\TSAL\Altium\RelayDetect\DetectionPart.SchDoc with Inverter from TSAL.IntLib
Replace Part U11 4 (2AND) in F:\BRT\TSAL\TSAL\Altium\RelayDetect\DetectionPart.SchDoc with 4 (2AND) from TSAL.IntLib
Replace Part U11 4 (2AND) in F:\BRT\TSAL\TSAL\Altium\RelayDetect\DetectionPart.SchDoc with 4 (2AND) from TSAL.IntLib
Replace Part U11 4 (2AND) in F:\BRT\TSAL\TSAL\Altium\RelayDetect\DetectionPart.SchDoc with 4 (2AND) from TSAL.IntLib
Replace Part U11 4 (2AND) in F:\BRT\TSAL\TSAL\Altium\RelayDetect\DetectionPart.SchDoc with 4 (2AND) from TSAL.IntLib
Replace Part U11 4 (2AND) in F:\BRT\TSAL\TSAL\Altium\RelayDetect\DetectionPart.SchDoc with 4 (2AND) from TSAL.IntLib
Replace Part U12 Comparator [LMV] in F:\BRT\TSAL\TSAL\Altium\RelayDetect\DetectionPart.SchDoc with Comparator [LMV] from BRT_Components.IntLib
Replace Part U13 Comparator [LMV] in F:\BRT\TSAL\TSAL\Altium\RelayDetect\DetectionPart.SchDoc with Comparator [LMV] from BRT_Components.IntLib
Replace Part U14 Comparator [LMV] in F:\BRT\TSAL\TSAL\Altium\RelayDetect\DetectionPart.SchDoc with Comparator [LMV] from BRT_Components.IntLib
Replace Part U15 Inverter in F:\BRT\TSAL\TSAL\Altium\RelayDetect\DetectionPart.SchDoc with Inverter from TSAL.IntLib
Replace Part U15 Inverter in F:\BRT\TSAL\TSAL\Altium\RelayDetect\DetectionPart.SchDoc with Inverter from TSAL.IntLib
Replace Part U15 Inverter in F:\BRT\TSAL\TSAL\Altium\RelayDetect\DetectionPart.SchDoc with Inverter from TSAL.IntLib
Replace Part U16 Inverter in F:\BRT\TSAL\TSAL\Altium\RelayDetect\DetectionPart.SchDoc with Inverter from TSAL.IntLib
Replace Part U16 Inverter in F:\BRT\TSAL\TSAL\Altium\RelayDetect\DetectionPart.SchDoc with Inverter from TSAL.IntLib
Replace Part U16 Inverter in F:\BRT\TSAL\TSAL\Altium\RelayDetect\DetectionPart.SchDoc with Inverter from TSAL.IntLib
Replace Part U17 Comparator [LMV] in F:\BRT\TSAL\TSAL\Altium\RelayDetect\DetectionPart.SchDoc with Comparator [LMV] from BRT_Components.IntLib
Replace Part U18 Comparator [LMV] in F:\BRT\TSAL\TSAL\Altium\RelayDetect\DetectionPart.SchDoc with Comparator [LMV] from BRT_Components.IntLib
Replace Part U19 4 (2AND) in F:\BRT\TSAL\TSAL\Altium\RelayDetect\DetectionPart.SchDoc with 4 (2AND) from TSAL.IntLib
Replace Part U19 4 (2AND) in F:\BRT\TSAL\TSAL\Altium\RelayDetect\DetectionPart.SchDoc with 4 (2AND) from TSAL.IntLib
Replace Part U19 4 (2AND) in F:\BRT\TSAL\TSAL\Altium\RelayDetect\DetectionPart.SchDoc with 4 (2AND) from TSAL.IntLib
Replace Part U19 4 (2AND) in F:\BRT\TSAL\TSAL\Altium\RelayDetect\DetectionPart.SchDoc with 4 (2AND) from TSAL.IntLib
Replace Part U19 4 (2AND) in F:\BRT\TSAL\TSAL\Altium\RelayDetect\DetectionPart.SchDoc with 4 (2AND) from TSAL.IntLib
Replace Part U20 Inverter in F:\BRT\TSAL\TSAL\Altium\RelayDetect\DetectionPart.SchDoc with Inverter from TSAL.IntLib
Replace Part U20 Inverter in F:\BRT\TSAL\TSAL\Altium\RelayDetect\DetectionPart.SchDoc with Inverter from TSAL.IntLib
Replace Part U20 Inverter in F:\BRT\TSAL\TSAL\Altium\RelayDetect\DetectionPart.SchDoc with Inverter from TSAL.IntLib
Replace Part U21 Comparator [LMV] in F:\BRT\TSAL\TSAL\Altium\RelayDetect\DetectionPart.SchDoc with Comparator [LMV] from BRT_Components.IntLib
Replace Part U22 Comparator [LMV] in F:\BRT\TSAL\TSAL\Altium\RelayDetect\DetectionPart.SchDoc with Comparator [LMV] from BRT_Components.IntLib
Replace Part U23 Comparator [LMV] in F:\BRT\TSAL\TSAL\Altium\RelayDetect\DetectionPart.SchDoc with Comparator [LMV] from BRT_Components.IntLib
Replace Part U24 Comparator [LMV] in F:\BRT\TSAL\TSAL\Altium\RelayDetect\DetectionPart.SchDoc with Comparator [LMV] from BRT_Components.IntLib
Replace Part U27 Comparator [LMV] in F:\BRT\TSAL\TSAL\Altium\RelayDetect\DetectionPart.SchDoc with Comparator [LMV] from BRT_Components.IntLib
Replace Part U28 Comparator [LMV] in F:\BRT\TSAL\TSAL\Altium\RelayDetect\DetectionPart.SchDoc with Comparator [LMV] from BRT_Components.IntLib
