Replace Part C1 Cap 0.1uF (0603) in F:\BRT\TSAL\TSAL\Altium\RelayDetect\Main.SchDoc with Cap 0.1uF (0603) from BRT_Components.IntLib
Replace Part C2 Cap 0.1uF (0603) in F:\BRT\TSAL\TSAL\Altium\RelayDetect\Main.SchDoc with Cap 0.1uF (0603) from BRT_Components.IntLib
Replace Part C3 Cap 0.1uF (0603) in F:\BRT\TSAL\TSAL\Altium\RelayDetect\Main.SchDoc with Cap 0.1uF (0603) from BRT_Components.IntLib
Replace Part C4 Cap 0.1uF (0603) in F:\BRT\TSAL\TSAL\Altium\RelayDetect\Main.SchDoc with Cap 0.1uF (0603) from BRT_Components.IntLib
Replace Part C5 Cap 0.1uF (0603) in F:\BRT\TSAL\TSAL\Altium\RelayDetect\Main.SchDoc with Cap 0.1uF (0603) from BRT_Components.IntLib
Replace Part J1 Conn 4 [MicroFit] in F:\BRT\TSAL\TSAL\Altium\RelayDetect\Main.SchDoc with Conn 4 [MicroFit] from BRT_Components.IntLib
Replace Part R1 Res 1k (0603) in F:\BRT\TSAL\TSAL\Altium\RelayDetect\Main.SchDoc with Res 1k (0603) from BRT_Components.IntLib
Replace Part R2 Res 1k (0603) in F:\BRT\TSAL\TSAL\Altium\RelayDetect\Main.SchDoc with Res 1k (0603) from BRT_Components.IntLib
Replace Part R3 Res 1k (0603) in F:\BRT\TSAL\TSAL\Altium\RelayDetect\Main.SchDoc with Res 1k (0603) from BRT_Components.IntLib
Replace Part R4 Res 4.7k (0603) in F:\BRT\TSAL\TSAL\Altium\RelayDetect\Main.SchDoc with Res 4.7k (0603) from BRT_Components.IntLib
Replace Part R5 Res 4.7k (0603) in F:\BRT\TSAL\TSAL\Altium\RelayDetect\Main.SchDoc with Res 4.7k (0603) from BRT_Components.IntLib
Replace Part R6 Res 4.7k (0603) in F:\BRT\TSAL\TSAL\Altium\RelayDetect\Main.SchDoc with Res 4.7k (0603) from BRT_Components.IntLib
Replace Part R7 Res 1k (0603) in F:\BRT\TSAL\TSAL\Altium\RelayDetect\Main.SchDoc with Res 1k (0603) from BRT_Components.IntLib
Replace Part R8 Res 1k (0603) in F:\BRT\TSAL\TSAL\Altium\RelayDetect\Main.SchDoc with Res 1k (0603) from BRT_Components.IntLib
Replace Part R9 Res 1k (0603) in F:\BRT\TSAL\TSAL\Altium\RelayDetect\Main.SchDoc with Res 1k (0603) from BRT_Components.IntLib
Replace Part R10 Res 1k (0603) in F:\BRT\TSAL\TSAL\Altium\RelayDetect\Main.SchDoc with Res 1k (0603) from BRT_Components.IntLib
Replace Part R19 Res 10k (0603) in F:\BRT\TSAL\TSAL\Altium\RelayDetect\Main.SchDoc with Res 10k (0603) from BRT_Components.IntLib
Replace Part R20 Res 10k (0603) in F:\BRT\TSAL\TSAL\Altium\RelayDetect\Main.SchDoc with Res 10k (0603) from BRT_Components.IntLib
Replace Part R21 Res 10k (0603) in F:\BRT\TSAL\TSAL\Altium\RelayDetect\Main.SchDoc with Res 10k (0603) from BRT_Components.IntLib
Replace Part R22 Res 10k (0603) in F:\BRT\TSAL\TSAL\Altium\RelayDetect\Main.SchDoc with Res 10k (0603) from BRT_Components.IntLib
Replace Part R23 Res 10k (0603) in F:\BRT\TSAL\TSAL\Altium\RelayDetect\Main.SchDoc with Res 10k (0603) from BRT_Components.IntLib
Replace Part U1 DC/DC Isolated 12V [TMH] in F:\BRT\TSAL\TSAL\Altium\RelayDetect\Main.SchDoc with DC/DC Isolated 12V [TMH] from BRT_Components.IntLib
Replace Part U2 4 (2XOR) in F:\BRT\TSAL\TSAL\Altium\RelayDetect\Main.SchDoc with 4 (2XOR) from TSAL.IntLib
Replace Part U2 4 (2XOR) in F:\BRT\TSAL\TSAL\Altium\RelayDetect\Main.SchDoc with 4 (2XOR) from TSAL.IntLib
Replace Part U2 4 (2XOR) in F:\BRT\TSAL\TSAL\Altium\RelayDetect\Main.SchDoc with 4 (2XOR) from TSAL.IntLib
Replace Part U2 4 (2XOR) in F:\BRT\TSAL\TSAL\Altium\RelayDetect\Main.SchDoc with 4 (2XOR) from TSAL.IntLib
Replace Part U2 4 (2XOR) in F:\BRT\TSAL\TSAL\Altium\RelayDetect\Main.SchDoc with 4 (2XOR) from TSAL.IntLib
Replace Part U3 4 (2AND) in F:\BRT\TSAL\TSAL\Altium\RelayDetect\Main.SchDoc with 4 (2AND) from TSAL.IntLib
Replace Part U3 4 (2AND) in F:\BRT\TSAL\TSAL\Altium\RelayDetect\Main.SchDoc with 4 (2AND) from TSAL.IntLib
Replace Part U3 4 (2AND) in F:\BRT\TSAL\TSAL\Altium\RelayDetect\Main.SchDoc with 4 (2AND) from TSAL.IntLib
Replace Part U3 4 (2AND) in F:\BRT\TSAL\TSAL\Altium\RelayDetect\Main.SchDoc with 4 (2AND) from TSAL.IntLib
Replace Part U3 4 (2AND) in F:\BRT\TSAL\TSAL\Altium\RelayDetect\Main.SchDoc with 4 (2AND) from TSAL.IntLib
Replace Part U4 2 (4AND) in F:\BRT\TSAL\TSAL\Altium\RelayDetect\Main.SchDoc with 2 (4AND) from TSAL.IntLib
Replace Part U4 2 (4AND) in F:\BRT\TSAL\TSAL\Altium\RelayDetect\Main.SchDoc with 2 (4AND) from TSAL.IntLib
Replace Part U4 2 (4AND) in F:\BRT\TSAL\TSAL\Altium\RelayDetect\Main.SchDoc with 2 (4AND) from TSAL.IntLib
Replace Part U5 Optocoupler [FOD817B] in F:\BRT\TSAL\TSAL\Altium\RelayDetect\Main.SchDoc with Optocoupler [FOD817B] from BRT_Components.IntLib
Replace Part U6 Optocoupler [FOD817B] in F:\BRT\TSAL\TSAL\Altium\RelayDetect\Main.SchDoc with Optocoupler [FOD817B] from BRT_Components.IntLib
Replace Part U7 2 (4NOR) in F:\BRT\TSAL\TSAL\Altium\RelayDetect\Main.SchDoc with 2 (4NOR) from TSAL.IntLib
Replace Part U7 2 (4NOR) in F:\BRT\TSAL\TSAL\Altium\RelayDetect\Main.SchDoc with 2 (4NOR) from TSAL.IntLib
Replace Part U7 2 (4NOR) in F:\BRT\TSAL\TSAL\Altium\RelayDetect\Main.SchDoc with 2 (4NOR) from TSAL.IntLib
Replace Part U8 Inverter in F:\BRT\TSAL\TSAL\Altium\RelayDetect\Main.SchDoc with Inverter from TSAL.IntLib
Replace Part U8 Inverter in F:\BRT\TSAL\TSAL\Altium\RelayDetect\Main.SchDoc with Inverter from TSAL.IntLib
Replace Part U8 Inverter in F:\BRT\TSAL\TSAL\Altium\RelayDetect\Main.SchDoc with Inverter from TSAL.IntLib
