Replace Part C1 Cap 0.1uF (0603) in D:\GitHub\Formula Student\DV\TSAL\Altium\RelayDetect\Main.SchDoc with Cap 0.1uF (0603) from BRT_Components.IntLib
Replace Part C2 Cap 0.1uF (0603) in D:\GitHub\Formula Student\DV\TSAL\Altium\RelayDetect\Main.SchDoc with Cap 0.1uF (0603) from BRT_Components.IntLib
Replace Part C3 Cap 0.1uF (0603) in D:\GitHub\Formula Student\DV\TSAL\Altium\RelayDetect\Main.SchDoc with Cap 0.1uF (0603) from BRT_Components.IntLib
Replace Part C4 Cap 0.1uF (0603) in D:\GitHub\Formula Student\DV\TSAL\Altium\RelayDetect\Main.SchDoc with Cap 0.1uF (0603) from BRT_Components.IntLib
Replace Part C5 Cap 0.1uF (0603) in D:\GitHub\Formula Student\DV\TSAL\Altium\RelayDetect\Main.SchDoc with Cap 0.1uF (0603) from BRT_Components.IntLib
Replace Part R1 Res 10k (0603) in D:\GitHub\Formula Student\DV\TSAL\Altium\RelayDetect\Main.SchDoc with Res 10k (0603) from BRT_Components.IntLib
Replace Part R2 Res 10k (0603) in D:\GitHub\Formula Student\DV\TSAL\Altium\RelayDetect\Main.SchDoc with Res 10k (0603) from BRT_Components.IntLib
Replace Part R3 Res 10k (0603) in D:\GitHub\Formula Student\DV\TSAL\Altium\RelayDetect\Main.SchDoc with Res 10k (0603) from BRT_Components.IntLib
Replace Part R4 Res 10k (0603) in D:\GitHub\Formula Student\DV\TSAL\Altium\RelayDetect\Main.SchDoc with Res 10k (0603) from BRT_Components.IntLib
Replace Part R5 Res 10k (0603) in D:\GitHub\Formula Student\DV\TSAL\Altium\RelayDetect\Main.SchDoc with Res 10k (0603) from BRT_Components.IntLib
Replace Part U1 4(2XOR) in D:\GitHub\Formula Student\DV\TSAL\Altium\RelayDetect\Main.SchDoc with 4(2XOR) from BRT_Components.IntLib
Replace Part U1 4(2XOR) in D:\GitHub\Formula Student\DV\TSAL\Altium\RelayDetect\Main.SchDoc with 4(2XOR) from BRT_Components.IntLib
Replace Part U1 4(2XOR) in D:\GitHub\Formula Student\DV\TSAL\Altium\RelayDetect\Main.SchDoc with 4(2XOR) from BRT_Components.IntLib
Replace Part U1 4(2XOR) in D:\GitHub\Formula Student\DV\TSAL\Altium\RelayDetect\Main.SchDoc with 4(2XOR) from BRT_Components.IntLib
Replace Part U1 4(2XOR) in D:\GitHub\Formula Student\DV\TSAL\Altium\RelayDetect\Main.SchDoc with 4(2XOR) from BRT_Components.IntLib
Replace Part U2 2And in D:\GitHub\Formula Student\DV\TSAL\Altium\RelayDetect\Main.SchDoc with 2And from BRT_Components.IntLib
Replace Part U2 2And in D:\GitHub\Formula Student\DV\TSAL\Altium\RelayDetect\Main.SchDoc with 2And from BRT_Components.IntLib
Replace Part U2 2And in D:\GitHub\Formula Student\DV\TSAL\Altium\RelayDetect\Main.SchDoc with 2And from BRT_Components.IntLib
Replace Part U2 2And in D:\GitHub\Formula Student\DV\TSAL\Altium\RelayDetect\Main.SchDoc with 2And from BRT_Components.IntLib
Replace Part U2 2And in D:\GitHub\Formula Student\DV\TSAL\Altium\RelayDetect\Main.SchDoc with 2And from BRT_Components.IntLib
Replace Part U3 2(4AND) in D:\GitHub\Formula Student\DV\TSAL\Altium\RelayDetect\Main.SchDoc with 2(4AND) from BRT_Components.IntLib
Replace Part U3 2(4AND) in D:\GitHub\Formula Student\DV\TSAL\Altium\RelayDetect\Main.SchDoc with 2(4AND) from BRT_Components.IntLib
Replace Part U3 2(4AND) in D:\GitHub\Formula Student\DV\TSAL\Altium\RelayDetect\Main.SchDoc with 2(4AND) from BRT_Components.IntLib
Replace Part U4 2(4NOR) in D:\GitHub\Formula Student\DV\TSAL\Altium\RelayDetect\Main.SchDoc with 2(4NOR) from BRT_Components.IntLib
Replace Part U4 2(4NOR) in D:\GitHub\Formula Student\DV\TSAL\Altium\RelayDetect\Main.SchDoc with 2(4NOR) from BRT_Components.IntLib
Replace Part U4 2(4NOR) in D:\GitHub\Formula Student\DV\TSAL\Altium\RelayDetect\Main.SchDoc with 2(4NOR) from BRT_Components.IntLib
Replace Part U5 Inverter (SN74) in D:\GitHub\Formula Student\DV\TSAL\Altium\RelayDetect\Main.SchDoc with Inverter (SN74) from BRT_Components.IntLib
Replace Part U5 Inverter (SN74) in D:\GitHub\Formula Student\DV\TSAL\Altium\RelayDetect\Main.SchDoc with Inverter (SN74) from BRT_Components.IntLib
Replace Part U5 Inverter (SN74) in D:\GitHub\Formula Student\DV\TSAL\Altium\RelayDetect\Main.SchDoc with Inverter (SN74) from BRT_Components.IntLib
