Added Pin To Net: NetName=Out1 Pin=C1_Primary-2
Added Pin To Net: NetName=Out1 Pin=C1_Secondary-2
Added Pin To Net: NetName=Out1 Pin=C2_Primary-2
Added Pin To Net: NetName=Out1 Pin=C2_Secondary-2
Added Pin To Net: NetName=Out1 Pin=C3_Primary-2
Added Pin To Net: NetName=Out1 Pin=C3_Secondary-2
Added Pin To Net: NetName=Out1 Pin=C4_Primary-2
Added Pin To Net: NetName=Out1 Pin=C4_Secondary-2
Added Pin To Net: NetName=Out1 Pin=C5_Primary-2
Added Pin To Net: NetName=Out1 Pin=C5_Secondary-2
Added Pin To Net: NetName=Out1 Pin=R1_Primary-2
Added Pin To Net: NetName=Out1 Pin=R1_Secondary-2
Added Pin To Net: NetName=Out1 Pin=U1_Primary-14
Added Pin To Net: NetName=Out1 Pin=U1_Secondary-14
Added Pin To Net: NetName=Out1 Pin=U2_Primary-14
Added Pin To Net: NetName=Out1 Pin=U2_Secondary-14
Added Pin To Net: NetName=Out1 Pin=U3_Primary-14
Added Pin To Net: NetName=Out1 Pin=U3_Secondary-14
Added Pin To Net: NetName=Out1 Pin=U4_Primary-14
Added Pin To Net: NetName=Out1 Pin=U4_Secondary-14
Added Pin To Net: NetName=Out1 Pin=U5_Primary-5
Added Pin To Net: NetName=Out1 Pin=U5_Secondary-5
Added Pin To Net: NetName=Out1 Pin=U27-6
Added Room: Name=1
