Change Physical Footprint: Designator=* Old Footprint=BRT_Log New Footprint=BRT_Log
Change Physical Footprint: Designator=C1 Old Footprint=Bar Cap 4x5.4 New Footprint=Bar Cap 4x5.4
Change Physical Footprint: Designator=C2 Old Footprint=0603 Capicator New Footprint=0603 Capicator
Change Physical Footprint: Designator=C3 Old Footprint=0603 Capicator New Footprint=0603 Capicator
Change Physical Footprint: Designator=C4 Old Footprint=0603 Capicator New Footprint=0603 Capicator
Change Physical Footprint: Designator=C5 Old Footprint=0603 Capicator New Footprint=0603 Capicator
Change Physical Footprint: Designator=C6 Old Footprint=0603 Capicator New Footprint=0603 Capicator
Change Physical Footprint: Designator=C7 Old Footprint=0603 Capicator New Footprint=0603 Capicator
Change Physical Footprint: Designator=C8 Old Footprint=0603 Capicator New Footprint=0603 Capicator
Change Physical Footprint: Designator=C9 Old Footprint=0603 Capicator New Footprint=0603 Capicator
Change Physical Footprint: Designator=C10 Old Footprint=0603 Capicator New Footprint=0603 Capicator
Change Physical Footprint: Designator=C11 Old Footprint=0603 Capicator New Footprint=0603 Capicator
Change Physical Footprint: Designator=C12 Old Footprint=0603 Capicator New Footprint=0603 Capicator
Change Physical Footprint: Designator=C13 Old Footprint=0603 Capicator New Footprint=0603 Capicator
Change Physical Footprint: Designator=C14 Old Footprint=0603 Capicator New Footprint=0603 Capicator
Change Physical Footprint: Designator=C15 Old Footprint=0603 Capicator New Footprint=0603 Capicator
Change Physical Footprint: Designator=C16 Old Footprint=0603 Capicator New Footprint=0603 Capicator
Change Physical Footprint: Designator=C17 Old Footprint=0603 Capicator New Footprint=0603 Capicator
Change Physical Footprint: Designator=C18 Old Footprint=0603 Capicator New Footprint=0603 Capicator
Change Physical Footprint: Designator=C19 Old Footprint=0603 Capicator New Footprint=0603 Capicator
Change Physical Footprint: Designator=C20 Old Footprint=0603 Capicator New Footprint=0603 Capicator
Change Physical Footprint: Designator=C21 Old Footprint=0603 Capicator New Footprint=0603 Capicator
Change Physical Footprint: Designator=C22 Old Footprint=0603 Capicator New Footprint=0603 Capicator
Change Physical Footprint: Designator=C23 Old Footprint=0603 Capicator New Footprint=0603 Capicator
Change Physical Footprint: Designator=J1 Old Footprint=MolexMicroFit 2x1 New Footprint=MolexMicroFit 2x1
Change Physical Footprint: Designator=J2 Old Footprint=MolexMicroFit 2x1 New Footprint=MolexMicroFit 2x1
Change Physical Footprint: Designator=J3 Old Footprint=MolexMicroFit 2x1 New Footprint=MolexMicroFit 2x1
Change Physical Footprint: Designator=J4 Old Footprint=MolexMicroFit 2x1 New Footprint=MolexMicroFit 2x1
Change Physical Footprint: Designator=J5 Old Footprint=MolexMicroFit 4x1 New Footprint=MolexMicroFit 4x1
Change Physical Footprint: Designator=R1 Old Footprint=0603 Resistor New Footprint=0603 Resistor
Change Physical Footprint: Designator=R2 Old Footprint=0603 Resistor New Footprint=0603 Resistor
Change Physical Footprint: Designator=R3 Old Footprint=0603 Resistor New Footprint=0603 Resistor
Change Physical Footprint: Designator=R4 Old Footprint=0603 Resistor New Footprint=0603 Resistor
Change Physical Footprint: Designator=R5 Old Footprint=0603 Resistor New Footprint=0603 Resistor
Change Physical Footprint: Designator=R6 Old Footprint=0603 Resistor New Footprint=0603 Resistor
Change Physical Footprint: Designator=R7 Old Footprint=0603 Resistor New Footprint=0603 Resistor
Change Physical Footprint: Designator=R8 Old Footprint=0603 Resistor New Footprint=0603 Resistor
Change Physical Footprint: Designator=R9 Old Footprint=0603 Resistor New Footprint=0603 Resistor
Change Physical Footprint: Designator=R10 Old Footprint=0603 Resistor New Footprint=0603 Resistor
Change Physical Footprint: Designator=R11 Old Footprint=0603 Resistor New Footprint=0603 Resistor
Change Physical Footprint: Designator=R12 Old Footprint=0603 Resistor New Footprint=0603 Resistor
Change Physical Footprint: Designator=R13 Old Footprint=0603 Resistor New Footprint=0603 Resistor
Change Physical Footprint: Designator=R14 Old Footprint=0603 Resistor New Footprint=0603 Resistor
Change Physical Footprint: Designator=R15 Old Footprint=0603 Resistor New Footprint=0603 Resistor
Change Physical Footprint: Designator=R16 Old Footprint=0603 Resistor New Footprint=0603 Resistor
Change Physical Footprint: Designator=R17 Old Footprint=0603 Resistor New Footprint=0603 Resistor
Change Physical Footprint: Designator=R18 Old Footprint=0603 Resistor New Footprint=0603 Resistor
Change Physical Footprint: Designator=R19 Old Footprint=0603 Resistor New Footprint=0603 Resistor
Change Physical Footprint: Designator=R20 Old Footprint=0603 Resistor New Footprint=0603 Resistor
Change Physical Footprint: Designator=R21 Old Footprint=0603 Resistor New Footprint=0603 Resistor
Change Physical Footprint: Designator=R22 Old Footprint=0603 Resistor New Footprint=0603 Resistor
Change Physical Footprint: Designator=R23 Old Footprint=0603 Resistor New Footprint=0603 Resistor
Change Physical Footprint: Designator=R24 Old Footprint=0603 Resistor New Footprint=0603 Resistor
Change Physical Footprint: Designator=R25 Old Footprint=0603 Resistor New Footprint=0603 Resistor
Change Physical Footprint: Designator=R26 Old Footprint=0603 Resistor New Footprint=0603 Resistor
Change Physical Footprint: Designator=R27 Old Footprint=0603 Resistor New Footprint=0603 Resistor
Change Physical Footprint: Designator=R28 Old Footprint=0603 Resistor New Footprint=0603 Resistor
Change Physical Footprint: Designator=R29 Old Footprint=0603 Resistor New Footprint=0603 Resistor
Change Physical Footprint: Designator=R30 Old Footprint=0603 Resistor New Footprint=0603 Resistor
Change Physical Footprint: Designator=R31 Old Footprint=0603 Resistor New Footprint=0603 Resistor
Change Physical Footprint: Designator=R32 Old Footprint=0603 Resistor New Footprint=0603 Resistor
Change Physical Footprint: Designator=R33 Old Footprint=0603 Resistor New Footprint=0603 Resistor
Change Physical Footprint: Designator=R34 Old Footprint=0603 Resistor New Footprint=0603 Resistor
Change Physical Footprint: Designator=R35 Old Footprint=0603 Resistor New Footprint=0603 Resistor
Change Physical Footprint: Designator=R36 Old Footprint=0603 Resistor New Footprint=0603 Resistor
Change Physical Footprint: Designator=U1 Old Footprint=FAIR-MDIP-4_V New Footprint=FAIR-MDIP-4_V
Change Physical Footprint: Designator=U2 Old Footprint=FAIR-MDIP-4_V New Footprint=FAIR-MDIP-4_V
Change Physical Footprint: Designator=U3 Old Footprint=SIP7 New Footprint=SIP7
Change Physical Footprint: Designator=U4 Old Footprint=FAIR-MDIP-4_V New Footprint=FAIR-MDIP-4_V
Change Physical Footprint: Designator=U5 Old Footprint=FAIR-MDIP-4_V New Footprint=FAIR-MDIP-4_V
Change Physical Footprint: Designator=U6 Old Footprint=SOT-23-5 New Footprint=SOT-23-5
Change Physical Footprint: Designator=U7 Old Footprint=SOT-23-5 New Footprint=SOT-23-5
Change Physical Footprint: Designator=U8 Old Footprint=SOT-23-5 New Footprint=SOT-23-5
Change Physical Footprint: Designator=U9 Old Footprint=SOT-23-5 New Footprint=SOT-23-5
Change Physical Footprint: Designator=U10 Old Footprint=SOT-23-5 New Footprint=SOT-23-5
Change Physical Footprint: Designator=U11 Old Footprint=SOT-23-5 New Footprint=SOT-23-5
Change Physical Footprint: Designator=U12 Old Footprint=SOT236 New Footprint=SOT236
Change Physical Footprint: Designator=U13 Old Footprint=SOIC-14 New Footprint=SOIC-14
Change Physical Footprint: Designator=U14 Old Footprint=SOT-23-5 New Footprint=SOT-23-5
Change Physical Footprint: Designator=U15 Old Footprint=SOT-23-5 New Footprint=SOT-23-5
Change Physical Footprint: Designator=U16 Old Footprint=SOT236 New Footprint=SOT236
Change Physical Footprint: Designator=U17 Old Footprint=SOT-23-5 New Footprint=SOT-23-5
Change Physical Footprint: Designator=U18 Old Footprint=SOT-23-5 New Footprint=SOT-23-5
Change Physical Footprint: Designator=U19 Old Footprint=SOT-23-5 New Footprint=SOT-23-5
Change Physical Footprint: Designator=U20 Old Footprint=SOT236 New Footprint=SOT236
Change Physical Footprint: Designator=U21 Old Footprint=SOT-23-5 New Footprint=SOT-23-5
Change Physical Footprint: Designator=U22 Old Footprint=SOIC-14 New Footprint=SOIC-14
Change Physical Footprint: Designator=U23 Old Footprint=SOT236 New Footprint=SOT236
Change Physical Footprint: Designator=U24 Old Footprint=SOT-23-5 New Footprint=SOT-23-5
Change Physical Footprint: Designator=U25 Old Footprint=SOT-23-5 New Footprint=SOT-23-5
Change Physical Footprint: Designator=U26 Old Footprint=SOT-23-5 New Footprint=SOT-23-5
Change Physical Footprint: Designator=U27 Old Footprint=SOT-23-5 New Footprint=SOT-23-5
Change Physical Footprint: Designator=U28 Old Footprint=SOT-23-5 New Footprint=SOT-23-5
Change Physical Footprint: Designator=U29 Old Footprint=SOT-23-5 New Footprint=SOT-23-5
Change Physical Footprint: Designator=U30 Old Footprint=SOT236 New Footprint=SOT236
Change Physical Footprint: Designator=U31 Old Footprint=SOIC-14 New Footprint=SOIC-14
Change Physical Footprint: Designator=U32 Old Footprint=SOT-23-5 New Footprint=SOT-23-5
Change Physical Footprint: Designator=U33 Old Footprint=SOT-23-5 New Footprint=SOT-23-5
Change Physical Footprint: Designator=U34 Old Footprint=SOT236 New Footprint=SOT236
Change Physical Footprint: Designator=U35 Old Footprint=SOT-23-5 New Footprint=SOT-23-5
Change Physical Footprint: Designator=U36 Old Footprint=SOT-23-5 New Footprint=SOT-23-5
Change Physical Footprint: Designator=U37 Old Footprint=SOT-23-5 New Footprint=SOT-23-5
Change Physical Footprint: Designator=U38 Old Footprint=SOT236 New Footprint=SOT236
Change Physical Footprint: Designator=U39 Old Footprint=SOT-23-5 New Footprint=SOT-23-5
Change Physical Footprint: Designator=U40 Old Footprint=SOIC-14 New Footprint=SOIC-14
Change Physical Footprint: Designator=U41 Old Footprint=SOT236 New Footprint=SOT236
Change Physical Footprint: Designator=U42 Old Footprint=SOIC-14 New Footprint=SOIC-14
Change Physical Footprint: Designator=U43 Old Footprint=SOIC-14 New Footprint=SOIC-14
Change Physical Footprint: Designator=U44 Old Footprint=SOIC-14 New Footprint=SOIC-14
Change Physical Footprint: Designator=U45 Old Footprint=SOIC-14 New Footprint=SOIC-14
Change Physical Footprint: Designator=U46 Old Footprint=SOT236 New Footprint=SOT236
Change Physical Footprint: Designator=U47 Old Footprint=SOIC-14 New Footprint=SOIC-14
Change Physical Footprint: Designator=U48 Old Footprint=SOIC-14 New Footprint=SOIC-14
Change Physical Footprint: Designator=U49 Old Footprint=SOIC-14 New Footprint=SOIC-14
Change Physical Footprint: Designator=U50 Old Footprint=SOIC-14 New Footprint=SOIC-14
Change Physical Footprint: Designator=U51 Old Footprint=SOT236 New Footprint=SOT236
