Change Component Designator: OldDesignator=C1 NewDesignator=C12
Change Component Designator: OldDesignator=C2 NewDesignator=C6_Detection1
Change Component Designator: OldDesignator=C3 NewDesignator=C7_Detection1
Change Component Designator: OldDesignator=C4 NewDesignator=C8_Detection1
Change Component Designator: OldDesignator=C5 NewDesignator=C9_Detection1
Change Component Designator: OldDesignator=C6 NewDesignator=C10_Detection1
Change Component Designator: OldDesignator=C7 NewDesignator=C11_Detection1
Change Component Designator: OldDesignator=C8 NewDesignator=C6_Detection2
Change Component Designator: OldDesignator=C9 NewDesignator=C7_Detection2
Change Component Designator: OldDesignator=C10 NewDesignator=C8_Detection2
Change Component Designator: OldDesignator=C11 NewDesignator=C9_Detection2
Change Component Designator: OldDesignator=C12 NewDesignator=C10_Detection2
Change Component Designator: OldDesignator=C13 NewDesignator=C11_Detection2
Change Component Designator: OldDesignator=C14 NewDesignator=C1_Primary
Change Component Designator: OldDesignator=C15 NewDesignator=C2_Primary
Change Component Designator: OldDesignator=C16 NewDesignator=C3_Primary
Change Component Designator: OldDesignator=C17 NewDesignator=C4_Primary
Change Component Designator: OldDesignator=C18 NewDesignator=C5_Primary
Change Component Designator: OldDesignator=C19 NewDesignator=C1_Secondary
Change Component Designator: OldDesignator=C20 NewDesignator=C2_Secondary
Change Component Designator: OldDesignator=C21 NewDesignator=C3_Secondary
Change Component Designator: OldDesignator=C22 NewDesignator=C4_Secondary
Change Component Designator: OldDesignator=C23 NewDesignator=C5_Secondary
Change Component Designator: OldDesignator=R1 NewDesignator=R16
Change Component Designator: OldDesignator=R2 NewDesignator=R17
Change Component Designator: OldDesignator=R3 NewDesignator=R18
Change Component Designator: OldDesignator=R4 NewDesignator=R19
Change Component Designator: OldDesignator=R5 NewDesignator=R20
Change Component Designator: OldDesignator=R6 NewDesignator=R21
Change Component Designator: OldDesignator=R7 NewDesignator=R6_Detection1
Change Component Designator: OldDesignator=R8 NewDesignator=R7_Detection1
Change Component Designator: OldDesignator=R9 NewDesignator=R8_Detection1
Change Component Designator: OldDesignator=R10 NewDesignator=R9_Detection1
Change Component Designator: OldDesignator=R11 NewDesignator=R10_Detection1
Change Component Designator: OldDesignator=R12 NewDesignator=R11_Detection1
Change Component Designator: OldDesignator=R13 NewDesignator=R12_Detection1
Change Component Designator: OldDesignator=R14 NewDesignator=R13_Detection1
Change Component Designator: OldDesignator=R15 NewDesignator=R14_Detection1
Change Component Designator: OldDesignator=R16 NewDesignator=R15_Detection1
Change Component Designator: OldDesignator=R17 NewDesignator=R6_Detection2
Change Component Designator: OldDesignator=R18 NewDesignator=R7_Detection2
Change Component Designator: OldDesignator=R19 NewDesignator=R8_Detection2
Change Component Designator: OldDesignator=R20 NewDesignator=R9_Detection2
Change Component Designator: OldDesignator=R21 NewDesignator=R10_Detection2
Change Component Designator: OldDesignator=R22 NewDesignator=R11_Detection2
Change Component Designator: OldDesignator=R23 NewDesignator=R12_Detection2
Change Component Designator: OldDesignator=R24 NewDesignator=R13_Detection2
Change Component Designator: OldDesignator=R25 NewDesignator=R14_Detection2
Change Component Designator: OldDesignator=R26 NewDesignator=R15_Detection2
Change Component Designator: OldDesignator=R27 NewDesignator=R1_Primary
Change Component Designator: OldDesignator=R28 NewDesignator=R2_Primary
Change Component Designator: OldDesignator=R29 NewDesignator=R3_Primary
Change Component Designator: OldDesignator=R30 NewDesignator=R4_Primary
Change Component Designator: OldDesignator=R31 NewDesignator=R5_Primary
Change Component Designator: OldDesignator=R32 NewDesignator=R1_Secondary
Change Component Designator: OldDesignator=R33 NewDesignator=R2_Secondary
Change Component Designator: OldDesignator=R34 NewDesignator=R3_Secondary
Change Component Designator: OldDesignator=R35 NewDesignator=R4_Secondary
Change Component Designator: OldDesignator=R36 NewDesignator=R5_Secondary
Change Component Designator: OldDesignator=U1 NewDesignator=U25
Change Component Designator: OldDesignator=U2 NewDesignator=U26
Change Component Designator: OldDesignator=U3 NewDesignator=U27
Change Component Designator: OldDesignator=U4 NewDesignator=U28
Change Component Designator: OldDesignator=U5 NewDesignator=U29
Change Component Designator: OldDesignator=U6 NewDesignator=U7_Detection1
Change Component Designator: OldDesignator=U7 NewDesignator=U10_Detection1
Change Component Designator: OldDesignator=U8 NewDesignator=U11_Detection1
Change Component Designator: OldDesignator=U9 NewDesignator=U12_Detection1
Change Component Designator: OldDesignator=U10 NewDesignator=U14_Detection1
Change Component Designator: OldDesignator=U11 NewDesignator=U15_Detection1
Change Component Designator: OldDesignator=U12 NewDesignator=U13_Detection1
Change Component Designator: OldDesignator=U13 NewDesignator=U9_Detection1
Change Component Designator: OldDesignator=U14 NewDesignator=U18_Detection1
Change Component Designator: OldDesignator=U15 NewDesignator=U19_Detection1
Change Component Designator: OldDesignator=U16 NewDesignator=U8_Detection1
Change Component Designator: OldDesignator=U17 NewDesignator=U20_Detection1
Change Component Designator: OldDesignator=U18 NewDesignator=U21_Detection1
Change Component Designator: OldDesignator=U19 NewDesignator=U23_Detection1
Change Component Designator: OldDesignator=U20 NewDesignator=U16_Detection1
Change Component Designator: OldDesignator=U21 NewDesignator=U24_Detection1
Change Component Designator: OldDesignator=U22 NewDesignator=U17_Detection1
Change Component Designator: OldDesignator=U23 NewDesignator=U22_Detection1
Change Component Designator: OldDesignator=U24 NewDesignator=U7_Detection2
Change Component Designator: OldDesignator=U25 NewDesignator=U10_Detection2
Change Component Designator: OldDesignator=U26 NewDesignator=U11_Detection2
Change Component Designator: OldDesignator=U27 NewDesignator=U12_Detection2
Change Component Designator: OldDesignator=U28 NewDesignator=U14_Detection2
Change Component Designator: OldDesignator=U29 NewDesignator=U15_Detection2
Change Component Designator: OldDesignator=U30 NewDesignator=U13_Detection2
Change Component Designator: OldDesignator=U31 NewDesignator=U9_Detection2
Change Component Designator: OldDesignator=U32 NewDesignator=U18_Detection2
Change Component Designator: OldDesignator=U33 NewDesignator=U19_Detection2
Change Component Designator: OldDesignator=U34 NewDesignator=U8_Detection2
Change Component Designator: OldDesignator=U35 NewDesignator=U20_Detection2
Change Component Designator: OldDesignator=U36 NewDesignator=U21_Detection2
Change Component Designator: OldDesignator=U37 NewDesignator=U23_Detection2
Change Component Designator: OldDesignator=U38 NewDesignator=U16_Detection2
Change Component Designator: OldDesignator=U39 NewDesignator=U24_Detection2
Change Component Designator: OldDesignator=U40 NewDesignator=U17_Detection2
Change Component Designator: OldDesignator=U41 NewDesignator=U22_Detection2
Change Component Designator: OldDesignator=U42 NewDesignator=U1_Primary
Change Component Designator: OldDesignator=U43 NewDesignator=U2_Primary
Change Component Designator: OldDesignator=U44 NewDesignator=U3_Primary
Change Component Designator: OldDesignator=U45 NewDesignator=U4_Primary
Change Component Designator: OldDesignator=U46 NewDesignator=U5_Primary
Change Component Designator: OldDesignator=U47 NewDesignator=U1_Secondary
Change Component Designator: OldDesignator=U48 NewDesignator=U2_Secondary
Change Component Designator: OldDesignator=U49 NewDesignator=U3_Secondary
Change Component Designator: OldDesignator=U50 NewDesignator=U4_Secondary
Change Component Designator: OldDesignator=U51 NewDesignator=U5_Secondary
Change Net Name : Old Net Name=NetR1_2 New Net Name=NetR16_2
Change Net Name : Old Net Name=NetR2_2 New Net Name=NetR17_2
Change Net Name : Old Net Name=NetR3_2 New Net Name=NetR18_2
Change Net Name : Old Net Name=NetR4_2 New Net Name=NetR19_2
Change Net Name : Old Net Name=NetR5_2 New Net Name=NetR20_2
Change Net Name : Old Net Name=NetR6_2 New Net Name=NetR21_2
Change Net Name : Old Net Name=NetR27_1 New Net Name=NetR1_Primary_1
Change Net Name : Old Net Name=NetR28_2 New Net Name=NetR2_Primary_2
Change Net Name : Old Net Name=NetR29_2 New Net Name=NetR3_Primary_2
Change Net Name : Old Net Name=NetR30_2 New Net Name=NetR4_Primary_2
Change Net Name : Old Net Name=NetR31_2 New Net Name=NetR5_Primary_2
Change Net Name : Old Net Name=NetR32_1 New Net Name=NetR1_Secondary_1
Change Net Name : Old Net Name=NetR33_2 New Net Name=NetR2_Secondary_2
Change Net Name : Old Net Name=NetR34_2 New Net Name=NetR3_Secondary_2
Change Net Name : Old Net Name=NetR35_2 New Net Name=NetR4_Secondary_2
Change Net Name : Old Net Name=NetR36_2 New Net Name=NetR5_Secondary_2
Change Net Name : Old Net Name=NetU1_3 New Net Name=NetU25_3
Change Net Name : Old Net Name=NetU2_3 New Net Name=NetU26_3
Change Net Name : Old Net Name=NetU6_4 New Net Name=NetU7_Detection1_4
Change Net Name : Old Net Name=NetU7_4 New Net Name=NetU8_Detection1_3
Change Net Name : Old Net Name=NetU8_4 New Net Name=NetU11_Detection1_4
Change Net Name : Old Net Name=NetU9_4 New Net Name=NetU9_Detection1_5
Change Net Name : Old Net Name=NetU10_4 New Net Name=NetU9_Detection1_10
Change Net Name : Old Net Name=NetU11_4 New Net Name=NetU15_Detection1_4
Change Net Name : Old Net Name=NetU12_4 New Net Name=NetU9_Detection1_12
Change Net Name : Old Net Name=NetU12_6 New Net Name=NetU9_Detection1_9
Change Net Name : Old Net Name=NetU13_1 New Net Name=NetU8_Detection1_6
Change Net Name : Old Net Name=NetU13_4 New Net Name=NetU8_Detection1_4
Change Net Name : Old Net Name=NetU13_13 New Net Name=NetU9_Detection1_13
Change Net Name : Old Net Name=NetU14_4 New Net Name=NetU16_Detection1_3
Change Net Name : Old Net Name=NetU17_4 New Net Name=NetU17_Detection1_13
Change Net Name : Old Net Name=NetU18_4 New Net Name=NetU21_Detection1_4
Change Net Name : Old Net Name=NetU19_4 New Net Name=NetU17_Detection1_2
Change Net Name : Old Net Name=NetU20_4 New Net Name=NetU16_Detection1_4
Change Net Name : Old Net Name=NetU20_6 New Net Name=NetU16_Detection1_6
Change Net Name : Old Net Name=NetU21_4 New Net Name=NetU17_Detection1_5
Change Net Name : Old Net Name=NetU22_1 New Net Name=NetU17_Detection1_1
Change Net Name : Old Net Name=NetU22_4 New Net Name=NetU17_Detection1_4
Change Net Name : Old Net Name=NetU24_4 New Net Name=NetU7_Detection2_4
Change Net Name : Old Net Name=NetU25_4 New Net Name=NetU8_Detection2_3
Change Net Name : Old Net Name=NetU26_4 New Net Name=NetU11_Detection2_4
Change Net Name : Old Net Name=NetU27_4 New Net Name=NetU9_Detection2_5
Change Net Name : Old Net Name=NetU28_4 New Net Name=NetU9_Detection2_10
Change Net Name : Old Net Name=NetU29_4 New Net Name=NetU15_Detection2_4
Change Net Name : Old Net Name=NetU30_4 New Net Name=NetU9_Detection2_12
Change Net Name : Old Net Name=NetU30_6 New Net Name=NetU9_Detection2_9
Change Net Name : Old Net Name=NetU31_1 New Net Name=NetU8_Detection2_6
Change Net Name : Old Net Name=NetU31_4 New Net Name=NetU8_Detection2_4
Change Net Name : Old Net Name=NetU31_13 New Net Name=NetU9_Detection2_13
Change Net Name : Old Net Name=NetU32_4 New Net Name=NetU16_Detection2_3
Change Net Name : Old Net Name=NetU35_4 New Net Name=NetU17_Detection2_13
Change Net Name : Old Net Name=NetU36_4 New Net Name=NetU21_Detection2_4
Change Net Name : Old Net Name=NetU37_4 New Net Name=NetU17_Detection2_2
Change Net Name : Old Net Name=NetU38_4 New Net Name=NetU16_Detection2_4
Change Net Name : Old Net Name=NetU38_6 New Net Name=NetU16_Detection2_6
Change Net Name : Old Net Name=NetU39_4 New Net Name=NetU17_Detection2_5
Change Net Name : Old Net Name=NetU40_1 New Net Name=NetU17_Detection2_1
Change Net Name : Old Net Name=NetU40_4 New Net Name=NetU17_Detection2_4
Change Net Name : Old Net Name=NetU42_3 New Net Name=NetU1_Primary_3
Change Net Name : Old Net Name=NetU42_6 New Net Name=NetU1_Primary_6
Change Net Name : Old Net Name=NetU42_8 New Net Name=NetU1_Primary_8
Change Net Name : Old Net Name=NetU42_11 New Net Name=NetU1_Primary_11
Change Net Name : Old Net Name=NetU43_1 New Net Name=NetU2_Primary_1
Change Net Name : Old Net Name=NetU43_2 New Net Name=NetU2_Primary_2
Change Net Name : Old Net Name=NetU43_5 New Net Name=NetU2_Primary_5
Change Net Name : Old Net Name=NetU45_1 New Net Name=NetU4_Primary_1
Change Net Name : Old Net Name=NetU47_3 New Net Name=NetU1_Secondary_3
Change Net Name : Old Net Name=NetU47_6 New Net Name=NetU1_Secondary_6
Change Net Name : Old Net Name=NetU47_8 New Net Name=NetU1_Secondary_8
Change Net Name : Old Net Name=NetU47_11 New Net Name=NetU1_Secondary_11
Change Net Name : Old Net Name=NetU48_1 New Net Name=NetU2_Secondary_1
Change Net Name : Old Net Name=NetU48_2 New Net Name=NetU2_Secondary_2
Change Net Name : Old Net Name=NetU48_5 New Net Name=NetU2_Secondary_5
Change Net Name : Old Net Name=NetU50_1 New Net Name=NetU4_Secondary_1
