Change Component Designator: OldDesignator=C1_Primary NewDesignator=C14
Change Component Designator: OldDesignator=C1_Secondary NewDesignator=C19
Change Component Designator: OldDesignator=C2_Primary NewDesignator=C15
Change Component Designator: OldDesignator=C2_Secondary NewDesignator=C20
Change Component Designator: OldDesignator=C3_Primary NewDesignator=C16
Change Component Designator: OldDesignator=C3_Secondary NewDesignator=C21
Change Component Designator: OldDesignator=C4_Primary NewDesignator=C17
Change Component Designator: OldDesignator=C4_Secondary NewDesignator=C22
Change Component Designator: OldDesignator=C5_Primary NewDesignator=C18
Change Component Designator: OldDesignator=C5_Secondary NewDesignator=C23
Change Component Designator: OldDesignator=C6_Detection1 NewDesignator=C2
Change Component Designator: OldDesignator=C6_Detection2 NewDesignator=C8
Change Component Designator: OldDesignator=C7_Detection1 NewDesignator=C3
Change Component Designator: OldDesignator=C7_Detection2 NewDesignator=C9
Change Component Designator: OldDesignator=C8_Detection1 NewDesignator=C4
Change Component Designator: OldDesignator=C8_Detection2 NewDesignator=C10
Change Component Designator: OldDesignator=C9_Detection1 NewDesignator=C5
Change Component Designator: OldDesignator=C9_Detection2 NewDesignator=C11
Change Component Designator: OldDesignator=C10_Detection1 NewDesignator=C6
Change Component Designator: OldDesignator=C10_Detection2 NewDesignator=C12
Change Component Designator: OldDesignator=C11_Detection1 NewDesignator=C7
Change Component Designator: OldDesignator=C11_Detection2 NewDesignator=C13
Change Component Designator: OldDesignator=C12 NewDesignator=C1
Change Component Designator: OldDesignator=R1_Primary NewDesignator=R27
Change Component Designator: OldDesignator=R1_Secondary NewDesignator=R32
Change Component Designator: OldDesignator=R2_Primary NewDesignator=R28
Change Component Designator: OldDesignator=R2_Secondary NewDesignator=R33
Change Component Designator: OldDesignator=R3_Primary NewDesignator=R29
Change Component Designator: OldDesignator=R3_Secondary NewDesignator=R34
Change Component Designator: OldDesignator=R4_Primary NewDesignator=R30
Change Component Designator: OldDesignator=R4_Secondary NewDesignator=R35
Change Component Designator: OldDesignator=R5_Primary NewDesignator=R31
Change Component Designator: OldDesignator=R5_Secondary NewDesignator=R36
Change Component Designator: OldDesignator=R6_Detection1 NewDesignator=R7
Change Component Designator: OldDesignator=R6_Detection2 NewDesignator=R17
Change Component Designator: OldDesignator=R7_Detection1 NewDesignator=R8
Change Component Designator: OldDesignator=R7_Detection2 NewDesignator=R18
Change Component Designator: OldDesignator=R8_Detection1 NewDesignator=R9
Change Component Designator: OldDesignator=R8_Detection2 NewDesignator=R19
Change Component Designator: OldDesignator=R9_Detection1 NewDesignator=R10
Change Component Designator: OldDesignator=R9_Detection2 NewDesignator=R20
Change Component Designator: OldDesignator=R10_Detection1 NewDesignator=R11
Change Component Designator: OldDesignator=R10_Detection2 NewDesignator=R21
Change Component Designator: OldDesignator=R11_Detection1 NewDesignator=R12
Change Component Designator: OldDesignator=R11_Detection2 NewDesignator=R22
Change Component Designator: OldDesignator=R12_Detection1 NewDesignator=R13
Change Component Designator: OldDesignator=R12_Detection2 NewDesignator=R23
Change Component Designator: OldDesignator=R13_Detection1 NewDesignator=R14
Change Component Designator: OldDesignator=R13_Detection2 NewDesignator=R24
Change Component Designator: OldDesignator=R14_Detection1 NewDesignator=R15
Change Component Designator: OldDesignator=R14_Detection2 NewDesignator=R25
Change Component Designator: OldDesignator=R15_Detection1 NewDesignator=R16
Change Component Designator: OldDesignator=R15_Detection2 NewDesignator=R26
Change Component Designator: OldDesignator=R16 NewDesignator=R1
Change Component Designator: OldDesignator=R17 NewDesignator=R2
Change Component Designator: OldDesignator=R18 NewDesignator=R3
Change Component Designator: OldDesignator=R19 NewDesignator=R4
Change Component Designator: OldDesignator=R20 NewDesignator=R5
Change Component Designator: OldDesignator=R21 NewDesignator=R6
Change Component Designator: OldDesignator=U1_Primary NewDesignator=U42
Change Component Designator: OldDesignator=U1_Secondary NewDesignator=U47
Change Component Designator: OldDesignator=U2_Primary NewDesignator=U43
Change Component Designator: OldDesignator=U2_Secondary NewDesignator=U48
Change Component Designator: OldDesignator=U3_Primary NewDesignator=U44
Change Component Designator: OldDesignator=U3_Secondary NewDesignator=U49
Change Component Designator: OldDesignator=U4_Primary NewDesignator=U45
Change Component Designator: OldDesignator=U4_Secondary NewDesignator=U50
Change Component Designator: OldDesignator=U5_Primary NewDesignator=U46
Change Component Designator: OldDesignator=U5_Secondary NewDesignator=U51
Change Component Designator: OldDesignator=U7_Detection1 NewDesignator=U6
Change Component Designator: OldDesignator=U7_Detection2 NewDesignator=U24
Change Component Designator: OldDesignator=U8_Detection1 NewDesignator=U16
Change Component Designator: OldDesignator=U8_Detection2 NewDesignator=U34
Change Component Designator: OldDesignator=U9_Detection1 NewDesignator=U13
Change Component Designator: OldDesignator=U9_Detection2 NewDesignator=U31
Change Component Designator: OldDesignator=U10_Detection1 NewDesignator=U7
Change Component Designator: OldDesignator=U10_Detection2 NewDesignator=U25
Change Component Designator: OldDesignator=U11_Detection1 NewDesignator=U8
Change Component Designator: OldDesignator=U11_Detection2 NewDesignator=U26
Change Component Designator: OldDesignator=U12_Detection1 NewDesignator=U9
Change Component Designator: OldDesignator=U12_Detection2 NewDesignator=U27
Change Component Designator: OldDesignator=U13_Detection1 NewDesignator=U12
Change Component Designator: OldDesignator=U13_Detection2 NewDesignator=U30
Change Component Designator: OldDesignator=U14_Detection1 NewDesignator=U10
Change Component Designator: OldDesignator=U14_Detection2 NewDesignator=U28
Change Component Designator: OldDesignator=U15_Detection1 NewDesignator=U11
Change Component Designator: OldDesignator=U15_Detection2 NewDesignator=U29
Change Component Designator: OldDesignator=U16_Detection1 NewDesignator=U20
Change Component Designator: OldDesignator=U16_Detection2 NewDesignator=U38
Change Component Designator: OldDesignator=U17_Detection1 NewDesignator=U22
Change Component Designator: OldDesignator=U17_Detection2 NewDesignator=U40
Change Component Designator: OldDesignator=U18_Detection1 NewDesignator=U14
Change Component Designator: OldDesignator=U18_Detection2 NewDesignator=U32
Change Component Designator: OldDesignator=U19_Detection1 NewDesignator=U15
Change Component Designator: OldDesignator=U19_Detection2 NewDesignator=U33
Change Component Designator: OldDesignator=U20_Detection1 NewDesignator=U17
Change Component Designator: OldDesignator=U20_Detection2 NewDesignator=U35
Change Component Designator: OldDesignator=U21_Detection1 NewDesignator=U18
Change Component Designator: OldDesignator=U21_Detection2 NewDesignator=U36
Change Component Designator: OldDesignator=U22_Detection1 NewDesignator=U23
Change Component Designator: OldDesignator=U22_Detection2 NewDesignator=U41
Change Component Designator: OldDesignator=U23_Detection1 NewDesignator=U19
Change Component Designator: OldDesignator=U23_Detection2 NewDesignator=U37
Change Component Designator: OldDesignator=U24_Detection1 NewDesignator=U21
Change Component Designator: OldDesignator=U24_Detection2 NewDesignator=U39
Change Component Designator: OldDesignator=U25 NewDesignator=U1
Change Component Designator: OldDesignator=U26 NewDesignator=U2
Change Component Designator: OldDesignator=U27 NewDesignator=U3
Change Component Designator: OldDesignator=U28 NewDesignator=U4
Change Component Designator: OldDesignator=U29 NewDesignator=U5
Change Net Name : Old Net Name=NetR1_Primary_1 New Net Name=NetR27_1
Change Net Name : Old Net Name=NetR1_Secondary_1 New Net Name=NetR32_1
Change Net Name : Old Net Name=NetR2_Primary_2 New Net Name=NetR28_2
Change Net Name : Old Net Name=NetR2_Secondary_2 New Net Name=NetR33_2
Change Net Name : Old Net Name=NetR3_Primary_2 New Net Name=NetR29_2
Change Net Name : Old Net Name=NetR3_Secondary_2 New Net Name=NetR34_2
Change Net Name : Old Net Name=NetR4_Primary_2 New Net Name=NetR30_2
Change Net Name : Old Net Name=NetR4_Secondary_2 New Net Name=NetR35_2
Change Net Name : Old Net Name=NetR5_Primary_2 New Net Name=NetR31_2
Change Net Name : Old Net Name=NetR5_Secondary_2 New Net Name=NetR36_2
Change Net Name : Old Net Name=NetR16_2 New Net Name=NetR1_2
Change Net Name : Old Net Name=NetR17_2 New Net Name=NetR2_2
Change Net Name : Old Net Name=NetR18_2 New Net Name=NetR3_2
Change Net Name : Old Net Name=NetR19_2 New Net Name=NetR4_2
Change Net Name : Old Net Name=NetR20_2 New Net Name=NetR5_2
Change Net Name : Old Net Name=NetR21_2 New Net Name=NetR6_2
Change Net Name : Old Net Name=NetU1_Primary_3 New Net Name=NetU42_3
Change Net Name : Old Net Name=NetU1_Primary_6 New Net Name=NetU42_6
Change Net Name : Old Net Name=NetU1_Primary_8 New Net Name=NetU42_8
Change Net Name : Old Net Name=NetU1_Primary_11 New Net Name=NetU42_11
Change Net Name : Old Net Name=NetU1_Secondary_3 New Net Name=NetU47_3
Change Net Name : Old Net Name=NetU1_Secondary_6 New Net Name=NetU47_6
Change Net Name : Old Net Name=NetU1_Secondary_8 New Net Name=NetU47_8
Change Net Name : Old Net Name=NetU1_Secondary_11 New Net Name=NetU47_11
Change Net Name : Old Net Name=NetU2_Primary_1 New Net Name=NetU43_1
Change Net Name : Old Net Name=NetU2_Primary_2 New Net Name=NetU43_2
Change Net Name : Old Net Name=NetU2_Primary_5 New Net Name=NetU43_5
Change Net Name : Old Net Name=NetU2_Secondary_1 New Net Name=NetU48_1
Change Net Name : Old Net Name=NetU2_Secondary_2 New Net Name=NetU48_2
Change Net Name : Old Net Name=NetU2_Secondary_5 New Net Name=NetU48_5
Change Net Name : Old Net Name=NetU4_Primary_1 New Net Name=NetU45_1
Change Net Name : Old Net Name=NetU4_Secondary_1 New Net Name=NetU50_1
Change Net Name : Old Net Name=NetU7_Detection1_1 New Net Name=NetU6_1
Change Net Name : Old Net Name=NetU7_Detection2_1 New Net Name=NetU24_1
Change Net Name : Old Net Name=NetU8_Detection1_3 New Net Name=NetU7_1
Change Net Name : Old Net Name=NetU8_Detection1_4 New Net Name=NetU13_4
Change Net Name : Old Net Name=NetU8_Detection1_6 New Net Name=NetU13_1
Change Net Name : Old Net Name=NetU8_Detection2_3 New Net Name=NetU25_1
Change Net Name : Old Net Name=NetU8_Detection2_4 New Net Name=NetU31_4
Change Net Name : Old Net Name=NetU8_Detection2_6 New Net Name=NetU31_1
Change Net Name : Old Net Name=NetU9_Detection1_5 New Net Name=NetU9_1
Change Net Name : Old Net Name=NetU9_Detection1_9 New Net Name=NetU12_6
Change Net Name : Old Net Name=NetU9_Detection1_10 New Net Name=NetU10_1
Change Net Name : Old Net Name=NetU9_Detection1_12 New Net Name=NetU12_4
Change Net Name : Old Net Name=NetU9_Detection1_13 New Net Name=NetU13_13
Change Net Name : Old Net Name=NetU9_Detection2_5 New Net Name=NetU27_1
Change Net Name : Old Net Name=NetU9_Detection2_9 New Net Name=NetU30_6
Change Net Name : Old Net Name=NetU9_Detection2_10 New Net Name=NetU28_1
Change Net Name : Old Net Name=NetU9_Detection2_12 New Net Name=NetU30_4
Change Net Name : Old Net Name=NetU9_Detection2_13 New Net Name=NetU31_13
Change Net Name : Old Net Name=NetU11_Detection1_1 New Net Name=NetU8_1
Change Net Name : Old Net Name=NetU11_Detection2_1 New Net Name=NetU26_1
Change Net Name : Old Net Name=NetU15_Detection1_1 New Net Name=NetU11_1
Change Net Name : Old Net Name=NetU15_Detection2_1 New Net Name=NetU29_1
Change Net Name : Old Net Name=NetU16_Detection1_3 New Net Name=NetU14_1
Change Net Name : Old Net Name=NetU16_Detection1_4 New Net Name=NetU20_4
Change Net Name : Old Net Name=NetU16_Detection1_6 New Net Name=NetU20_6
Change Net Name : Old Net Name=NetU16_Detection2_3 New Net Name=NetU32_1
Change Net Name : Old Net Name=NetU16_Detection2_4 New Net Name=NetU38_4
Change Net Name : Old Net Name=NetU16_Detection2_6 New Net Name=NetU38_6
Change Net Name : Old Net Name=NetU17_Detection1_1 New Net Name=NetU22_1
Change Net Name : Old Net Name=NetU17_Detection1_2 New Net Name=NetU19_1
Change Net Name : Old Net Name=NetU17_Detection1_4 New Net Name=NetU22_4
Change Net Name : Old Net Name=NetU17_Detection1_5 New Net Name=NetU21_1
Change Net Name : Old Net Name=NetU17_Detection1_13 New Net Name=NetU17_1
Change Net Name : Old Net Name=NetU17_Detection2_1 New Net Name=NetU40_1
Change Net Name : Old Net Name=NetU17_Detection2_2 New Net Name=NetU37_1
Change Net Name : Old Net Name=NetU17_Detection2_4 New Net Name=NetU40_4
Change Net Name : Old Net Name=NetU17_Detection2_5 New Net Name=NetU39_1
Change Net Name : Old Net Name=NetU17_Detection2_13 New Net Name=NetU35_1
Change Net Name : Old Net Name=NetU21_Detection1_1 New Net Name=NetU18_1
Change Net Name : Old Net Name=NetU21_Detection2_1 New Net Name=NetU36_1
Change Net Name : Old Net Name=NetU25_3 New Net Name=NetU1_3
Change Net Name : Old Net Name=NetU26_3 New Net Name=NetU2_3
Added Room: Name=1
Added Room: Name=Detection1
Added Room: Name=Detection2
Added Room: Name=Primary
Added Room: Name=Secondary
