Added Component: Designator=C1(0603 Capicator)
Add component (AddParameter): Name = "ComponentLink1Description"; Value = "Chip&Dip"; VariantName = "[No Variations]"
Add component (AddParameter): Name = "ComponentLink1URL"; Value = "https://www.chipdip.ru/product/grm188r71c104ka01d"; VariantName = "[No Variations]"
Add component (AddParameter): Name = "Manufacturer"; Value = "Murata Manufacturing"; VariantName = "[No Variations]"
Add component (AddParameter): Name = "Part Number"; Value = "GRM188R71C104KA01D"; VariantName = "[No Variations]"
Add component (AddParameter): Name = "Type"; Value = "Capacitor"; VariantName = "[No Variations]"
Added Component: Designator=C2(0603 Capicator)
Add component (AddParameter): Name = "ComponentLink1Description"; Value = "Chip&Dip"; VariantName = "[No Variations]"
Add component (AddParameter): Name = "ComponentLink1URL"; Value = "https://www.chipdip.ru/product/grm188r71c104ka01d"; VariantName = "[No Variations]"
Add component (AddParameter): Name = "Manufacturer"; Value = "Murata Manufacturing"; VariantName = "[No Variations]"
Add component (AddParameter): Name = "Part Number"; Value = "GRM188R71C104KA01D"; VariantName = "[No Variations]"
Add component (AddParameter): Name = "Type"; Value = "Capacitor"; VariantName = "[No Variations]"
Added Component: Designator=C3(0603 Capicator)
Add component (AddParameter): Name = "ComponentLink1Description"; Value = "Chip&Dip"; VariantName = "[No Variations]"
Add component (AddParameter): Name = "ComponentLink1URL"; Value = "https://www.chipdip.ru/product/grm188r71c104ka01d"; VariantName = "[No Variations]"
Add component (AddParameter): Name = "Manufacturer"; Value = "Murata Manufacturing"; VariantName = "[No Variations]"
Add component (AddParameter): Name = "Part Number"; Value = "GRM188R71C104KA01D"; VariantName = "[No Variations]"
Add component (AddParameter): Name = "Type"; Value = "Capacitor"; VariantName = "[No Variations]"
Added Component: Designator=C4(0603 Capicator)
Add component (AddParameter): Name = "ComponentLink1Description"; Value = "Chip&Dip"; VariantName = "[No Variations]"
Add component (AddParameter): Name = "ComponentLink1URL"; Value = "https://www.chipdip.ru/product/grm188r71c104ka01d"; VariantName = "[No Variations]"
Add component (AddParameter): Name = "Manufacturer"; Value = "Murata Manufacturing"; VariantName = "[No Variations]"
Add component (AddParameter): Name = "Part Number"; Value = "GRM188R71C104KA01D"; VariantName = "[No Variations]"
Add component (AddParameter): Name = "Type"; Value = "Capacitor"; VariantName = "[No Variations]"
Added Component: Designator=C5(0603 Capicator)
Add component (AddParameter): Name = "ComponentLink1Description"; Value = "Chip&Dip"; VariantName = "[No Variations]"
Add component (AddParameter): Name = "ComponentLink1URL"; Value = "https://www.chipdip.ru/product/grm188r71c104ka01d"; VariantName = "[No Variations]"
Add component (AddParameter): Name = "Manufacturer"; Value = "Murata Manufacturing"; VariantName = "[No Variations]"
Add component (AddParameter): Name = "Part Number"; Value = "GRM188R71C104KA01D"; VariantName = "[No Variations]"
Add component (AddParameter): Name = "Type"; Value = "Capacitor"; VariantName = "[No Variations]"
Added Component: Designator=C6(0603 Capicator)
Add component (AddParameter): Name = "ComponentLink1Description"; Value = "Chip&Dip"; VariantName = "[No Variations]"
Add component (AddParameter): Name = "ComponentLink1URL"; Value = "https://www.chipdip.ru/product/grm188r71c104ka01d"; VariantName = "[No Variations]"
Add component (AddParameter): Name = "Manufacturer"; Value = "Murata Manufacturing"; VariantName = "[No Variations]"
Add component (AddParameter): Name = "Part Number"; Value = "GRM188R71C104KA01D"; VariantName = "[No Variations]"
Add component (AddParameter): Name = "Type"; Value = "Capacitor"; VariantName = "[No Variations]"
Added Component: Designator=C7(0603 Capicator)
Add component (AddParameter): Name = "ComponentLink1Description"; Value = "Chip&Dip"; VariantName = "[No Variations]"
Add component (AddParameter): Name = "ComponentLink1URL"; Value = "https://www.chipdip.ru/product/grm188r71c104ka01d"; VariantName = "[No Variations]"
Add component (AddParameter): Name = "Manufacturer"; Value = "Murata Manufacturing"; VariantName = "[No Variations]"
Add component (AddParameter): Name = "Part Number"; Value = "GRM188R71C104KA01D"; VariantName = "[No Variations]"
Add component (AddParameter): Name = "Type"; Value = "Capacitor"; VariantName = "[No Variations]"
Added Component: Designator=C8(0603 Capicator)
Add component (AddParameter): Name = "ComponentLink1Description"; Value = "Chip&Dip"; VariantName = "[No Variations]"
Add component (AddParameter): Name = "ComponentLink1URL"; Value = "https://www.chipdip.ru/product/grm188r71c104ka01d"; VariantName = "[No Variations]"
Add component (AddParameter): Name = "Manufacturer"; Value = "Murata Manufacturing"; VariantName = "[No Variations]"
Add component (AddParameter): Name = "Part Number"; Value = "GRM188R71C104KA01D"; VariantName = "[No Variations]"
Add component (AddParameter): Name = "Type"; Value = "Capacitor"; VariantName = "[No Variations]"
Added Component: Designator=C9(0603 Capicator)
Add component (AddParameter): Name = "ComponentLink1Description"; Value = "Chip&Dip"; VariantName = "[No Variations]"
Add component (AddParameter): Name = "ComponentLink1URL"; Value = "https://www.chipdip.ru/product/grm188r71c104ka01d"; VariantName = "[No Variations]"
Add component (AddParameter): Name = "Manufacturer"; Value = "Murata Manufacturing"; VariantName = "[No Variations]"
Add component (AddParameter): Name = "Part Number"; Value = "GRM188R71C104KA01D"; VariantName = "[No Variations]"
Add component (AddParameter): Name = "Type"; Value = "Capacitor"; VariantName = "[No Variations]"
Added Component: Designator=C10(0603 Capicator)
Add component (AddParameter): Name = "ComponentLink1Description"; Value = "Chip&Dip"; VariantName = "[No Variations]"
Add component (AddParameter): Name = "ComponentLink1URL"; Value = "https://www.chipdip.ru/product/grm188r71c104ka01d"; VariantName = "[No Variations]"
Add component (AddParameter): Name = "Manufacturer"; Value = "Murata Manufacturing"; VariantName = "[No Variations]"
Add component (AddParameter): Name = "Part Number"; Value = "GRM188R71C104KA01D"; VariantName = "[No Variations]"
Add component (AddParameter): Name = "Type"; Value = "Capacitor"; VariantName = "[No Variations]"
Added Component: Designator=C11(0603 Capicator)
Add component (AddParameter): Name = "ComponentLink1Description"; Value = "Chip&Dip"; VariantName = "[No Variations]"
Add component (AddParameter): Name = "ComponentLink1URL"; Value = "https://www.chipdip.ru/product/grm188r71c104ka01d"; VariantName = "[No Variations]"
Add component (AddParameter): Name = "Manufacturer"; Value = "Murata Manufacturing"; VariantName = "[No Variations]"
Add component (AddParameter): Name = "Part Number"; Value = "GRM188R71C104KA01D"; VariantName = "[No Variations]"
Add component (AddParameter): Name = "Type"; Value = "Capacitor"; VariantName = "[No Variations]"
Added Component: Designator=J1(MolexMicroFit 4x1)
Add component (AddParameter): Name = "ComponentLink1Description"; Value = "Molex"; VariantName = "[No Variations]"
Add component (AddParameter): Name = "ComponentLink1URL"; Value = "https://www.molex.com/molex/products/part-detail/pcb_headers/0436500400"; VariantName = "[No Variations]"
Add component (AddParameter): Name = "Manufacturer"; Value = "Molex"; VariantName = "[No Variations]"
Add component (AddParameter): Name = "Part Number"; Value = "436500400"; VariantName = "[No Variations]"
Add component (AddParameter): Name = "Type"; Value = "Connector"; VariantName = "[No Variations]"
Added Component: Designator=J2(MolexMicroFit 2x1)
Add component (AddParameter): Name = "ComponentLink1Description"; Value = "Molex"; VariantName = "[No Variations]"
Add component (AddParameter): Name = "ComponentLink1URL"; Value = "https://www.molex.com/molex/products/part-detail/pcb_headers/0436500200"; VariantName = "[No Variations]"
Add component (AddParameter): Name = "Manufacturer"; Value = "Molex"; VariantName = "[No Variations]"
Add component (AddParameter): Name = "Part Number"; Value = "436500200"; VariantName = "[No Variations]"
Add component (AddParameter): Name = "Type"; Value = "Connector"; VariantName = "[No Variations]"
Added Component: Designator=J3(MolexMicroFit 2x1)
Add component (AddParameter): Name = "ComponentLink1Description"; Value = "Molex"; VariantName = "[No Variations]"
Add component (AddParameter): Name = "ComponentLink1URL"; Value = "https://www.molex.com/molex/products/part-detail/pcb_headers/0436500200"; VariantName = "[No Variations]"
Add component (AddParameter): Name = "Manufacturer"; Value = "Molex"; VariantName = "[No Variations]"
Add component (AddParameter): Name = "Part Number"; Value = "436500200"; VariantName = "[No Variations]"
Add component (AddParameter): Name = "Type"; Value = "Connector"; VariantName = "[No Variations]"
Added Component: Designator=J4(MolexMicroFit 2x1)
Add component (AddParameter): Name = "ComponentLink1Description"; Value = "Molex"; VariantName = "[No Variations]"
Add component (AddParameter): Name = "ComponentLink1URL"; Value = "https://www.molex.com/molex/products/part-detail/pcb_headers/0436500200"; VariantName = "[No Variations]"
Add component (AddParameter): Name = "Manufacturer"; Value = "Molex"; VariantName = "[No Variations]"
Add component (AddParameter): Name = "Part Number"; Value = "436500200"; VariantName = "[No Variations]"
Add component (AddParameter): Name = "Type"; Value = "Connector"; VariantName = "[No Variations]"
Added Component: Designator=J5(MolexMicroFit 2x1)
Add component (AddParameter): Name = "ComponentLink1Description"; Value = "Molex"; VariantName = "[No Variations]"
Add component (AddParameter): Name = "ComponentLink1URL"; Value = "https://www.molex.com/molex/products/part-detail/pcb_headers/0436500200"; VariantName = "[No Variations]"
Add component (AddParameter): Name = "Manufacturer"; Value = "Molex"; VariantName = "[No Variations]"
Add component (AddParameter): Name = "Part Number"; Value = "436500200"; VariantName = "[No Variations]"
Add component (AddParameter): Name = "Type"; Value = "Connector"; VariantName = "[No Variations]"
Added Component: Designator=R1(0603 Resistor)
Add component (AddParameter): Name = "ComponentLink1Description"; Value = "Chip&Dip"; VariantName = "[No Variations]"
Add component (AddParameter): Name = "ComponentLink1URL"; Value = "https://www.chipdip.ru/product0/9000079676"; VariantName = "[No Variations]"
Add component (AddParameter): Name = "Manufacturer"; Value = "Taiwan"; VariantName = "[No Variations]"
Add component (AddParameter): Name = "Part Number"; Value = "RC0603FR-071KL"; VariantName = "[No Variations]"
Add component (AddParameter): Name = "Type"; Value = "Resistor"; VariantName = "[No Variations]"
Added Component: Designator=R2(0603 Resistor)
Add component (AddParameter): Name = "ComponentLink1Description"; Value = "Chip&Dip"; VariantName = "[No Variations]"
Add component (AddParameter): Name = "ComponentLink1URL"; Value = "https://www.chipdip.ru/product0/9000079676"; VariantName = "[No Variations]"
Add component (AddParameter): Name = "Manufacturer"; Value = "Taiwan"; VariantName = "[No Variations]"
Add component (AddParameter): Name = "Part Number"; Value = "RC0603FR-071KL"; VariantName = "[No Variations]"
Add component (AddParameter): Name = "Type"; Value = "Resistor"; VariantName = "[No Variations]"
Added Component: Designator=R3(0603 Resistor)
Add component (AddParameter): Name = "ComponentLink1Description"; Value = "Chip&Dip"; VariantName = "[No Variations]"
Add component (AddParameter): Name = "ComponentLink1URL"; Value = "https://www.chipdip.ru/product0/9000079676"; VariantName = "[No Variations]"
Add component (AddParameter): Name = "Manufacturer"; Value = "Taiwan"; VariantName = "[No Variations]"
Add component (AddParameter): Name = "Part Number"; Value = "RC0603FR-071KL"; VariantName = "[No Variations]"
Add component (AddParameter): Name = "Type"; Value = "Resistor"; VariantName = "[No Variations]"
Added Component: Designator=R4(0603 Resistor)
Add component (AddParameter): Name = "ComponentLink1Description"; Value = "Chip&Dip"; VariantName = "[No Variations]"
Add component (AddParameter): Name = "ComponentLink1URL"; Value = "https://www.chipdip.ru/product0/9000079728"; VariantName = "[No Variations]"
Add component (AddParameter): Name = "Manufacturer"; Value = "Taiwan"; VariantName = "[No Variations]"
Add component (AddParameter): Name = "Part Number"; Value = "RC0603FR-074K7L"; VariantName = "[No Variations]"
Add component (AddParameter): Name = "Type"; Value = "Resistor"; VariantName = "[No Variations]"
Added Component: Designator=R5(0603 Resistor)
Add component (AddParameter): Name = "ComponentLink1Description"; Value = "Chip&Dip"; VariantName = "[No Variations]"
Add component (AddParameter): Name = "ComponentLink1URL"; Value = "https://www.chipdip.ru/product0/9000079728"; VariantName = "[No Variations]"
Add component (AddParameter): Name = "Manufacturer"; Value = "Taiwan"; VariantName = "[No Variations]"
Add component (AddParameter): Name = "Part Number"; Value = "RC0603FR-074K7L"; VariantName = "[No Variations]"
Add component (AddParameter): Name = "Type"; Value = "Resistor"; VariantName = "[No Variations]"
Added Component: Designator=R6(0603 Resistor)
Add component (AddParameter): Name = "ComponentLink1Description"; Value = "Chip&Dip"; VariantName = "[No Variations]"
Add component (AddParameter): Name = "ComponentLink1URL"; Value = "https://www.chipdip.ru/product0/9000079728"; VariantName = "[No Variations]"
Add component (AddParameter): Name = "Manufacturer"; Value = "Taiwan"; VariantName = "[No Variations]"
Add component (AddParameter): Name = "Part Number"; Value = "RC0603FR-074K7L"; VariantName = "[No Variations]"
Add component (AddParameter): Name = "Type"; Value = "Resistor"; VariantName = "[No Variations]"
Added Component: Designator=R7(0603 Resistor)
Add component (AddParameter): Name = "ComponentLink1Description"; Value = "Chip&Dip"; VariantName = "[No Variations]"
Add component (AddParameter): Name = "ComponentLink1URL"; Value = "https://www.chipdip.ru/product0/9000079676"; VariantName = "[No Variations]"
Add component (AddParameter): Name = "Manufacturer"; Value = "Taiwan"; VariantName = "[No Variations]"
Add component (AddParameter): Name = "Part Number"; Value = "RC0603FR-071KL"; VariantName = "[No Variations]"
Add component (AddParameter): Name = "Type"; Value = "Resistor"; VariantName = "[No Variations]"
Added Component: Designator=R8(0603 Resistor)
Add component (AddParameter): Name = "ComponentLink1Description"; Value = "Chip&Dip"; VariantName = "[No Variations]"
Add component (AddParameter): Name = "ComponentLink1URL"; Value = "https://www.chipdip.ru/product0/9000079676"; VariantName = "[No Variations]"
Add component (AddParameter): Name = "Manufacturer"; Value = "Taiwan"; VariantName = "[No Variations]"
Add component (AddParameter): Name = "Part Number"; Value = "RC0603FR-071KL"; VariantName = "[No Variations]"
Add component (AddParameter): Name = "Type"; Value = "Resistor"; VariantName = "[No Variations]"
Added Component: Designator=R9(0603 Resistor)
Add component (AddParameter): Name = "ComponentLink1Description"; Value = "Chip&Dip"; VariantName = "[No Variations]"
Add component (AddParameter): Name = "ComponentLink1URL"; Value = "https://www.chipdip.ru/product0/9000079676"; VariantName = "[No Variations]"
Add component (AddParameter): Name = "Manufacturer"; Value = "Taiwan"; VariantName = "[No Variations]"
Add component (AddParameter): Name = "Part Number"; Value = "RC0603FR-071KL"; VariantName = "[No Variations]"
Add component (AddParameter): Name = "Type"; Value = "Resistor"; VariantName = "[No Variations]"
Added Component: Designator=R10(0603 Resistor)
Add component (AddParameter): Name = "ComponentLink1Description"; Value = "Chip&Dip"; VariantName = "[No Variations]"
Add component (AddParameter): Name = "ComponentLink1URL"; Value = "https://www.chipdip.ru/product0/9000079676"; VariantName = "[No Variations]"
Add component (AddParameter): Name = "Manufacturer"; Value = "Taiwan"; VariantName = "[No Variations]"
Add component (AddParameter): Name = "Part Number"; Value = "RC0603FR-071KL"; VariantName = "[No Variations]"
Add component (AddParameter): Name = "Type"; Value = "Resistor"; VariantName = "[No Variations]"
Added Component: Designator=R11(0603 Resistor)
Add component (AddParameter): Name = "ComponentLink1Description"; Value = "Chip&Dip"; VariantName = "[No Variations]"
Add component (AddParameter): Name = "ComponentLink1URL"; Value = "https://www.chipdip.ru/product0/9000079676"; VariantName = "[No Variations]"
Add component (AddParameter): Name = "Manufacturer"; Value = "Taiwan"; VariantName = "[No Variations]"
Add component (AddParameter): Name = "Part Number"; Value = "RC0603FR-071KL"; VariantName = "[No Variations]"
Add component (AddParameter): Name = "Type"; Value = "Resistor"; VariantName = "[No Variations]"
Added Component: Designator=R12(0603 Resistor)
Add component (AddParameter): Name = "ComponentLink1Description"; Value = "Chip&Dip"; VariantName = "[No Variations]"
Add component (AddParameter): Name = "ComponentLink1URL"; Value = "https://www.chipdip.ru/product0/9000079676"; VariantName = "[No Variations]"
Add component (AddParameter): Name = "Manufacturer"; Value = "Taiwan"; VariantName = "[No Variations]"
Add component (AddParameter): Name = "Part Number"; Value = "RC0603FR-071KL"; VariantName = "[No Variations]"
Add component (AddParameter): Name = "Type"; Value = "Resistor"; VariantName = "[No Variations]"
Added Component: Designator=R13(0603 Resistor)
Add component (AddParameter): Name = "ComponentLink1Description"; Value = "Chip&Dip"; VariantName = "[No Variations]"
Add component (AddParameter): Name = "ComponentLink1URL"; Value = "https://www.chipdip.ru/product0/9000079676"; VariantName = "[No Variations]"
Add component (AddParameter): Name = "Manufacturer"; Value = "Taiwan"; VariantName = "[No Variations]"
Add component (AddParameter): Name = "Part Number"; Value = "RC0603FR-071KL"; VariantName = "[No Variations]"
Add component (AddParameter): Name = "Type"; Value = "Resistor"; VariantName = "[No Variations]"
Added Component: Designator=R14(0603 Resistor)
Add component (AddParameter): Name = "ComponentLink1Description"; Value = "Chip&Dip"; VariantName = "[No Variations]"
Add component (AddParameter): Name = "ComponentLink1URL"; Value = "https://www.chipdip.ru/product0/9000079676"; VariantName = "[No Variations]"
Add component (AddParameter): Name = "Manufacturer"; Value = "Taiwan"; VariantName = "[No Variations]"
Add component (AddParameter): Name = "Part Number"; Value = "RC0603FR-071KL"; VariantName = "[No Variations]"
Add component (AddParameter): Name = "Type"; Value = "Resistor"; VariantName = "[No Variations]"
Added Component: Designator=R15(0603 Resistor)
Add component (AddParameter): Name = "ComponentLink1Description"; Value = "Chip&Dip"; VariantName = "[No Variations]"
Add component (AddParameter): Name = "ComponentLink1URL"; Value = "https://www.chipdip.ru/product0/9000079676"; VariantName = "[No Variations]"
Add component (AddParameter): Name = "Manufacturer"; Value = "Taiwan"; VariantName = "[No Variations]"
Add component (AddParameter): Name = "Part Number"; Value = "RC0603FR-071KL"; VariantName = "[No Variations]"
Add component (AddParameter): Name = "Type"; Value = "Resistor"; VariantName = "[No Variations]"
Added Component: Designator=R16(0603 Resistor)
Add component (AddParameter): Name = "ComponentLink1Description"; Value = "Chip&Dip"; VariantName = "[No Variations]"
Add component (AddParameter): Name = "ComponentLink1URL"; Value = "https://www.chipdip.ru/product0/9000079676"; VariantName = "[No Variations]"
Add component (AddParameter): Name = "Manufacturer"; Value = "Taiwan"; VariantName = "[No Variations]"
Add component (AddParameter): Name = "Part Number"; Value = "RC0603FR-071KL"; VariantName = "[No Variations]"
Add component (AddParameter): Name = "Type"; Value = "Resistor"; VariantName = "[No Variations]"
Added Component: Designator=R17(0603 Resistor)
Add component (AddParameter): Name = "ComponentLink1Description"; Value = "Chip&Dip"; VariantName = "[No Variations]"
Add component (AddParameter): Name = "ComponentLink1URL"; Value = "https://www.chipdip.ru/product0/9000079676"; VariantName = "[No Variations]"
Add component (AddParameter): Name = "Manufacturer"; Value = "Taiwan"; VariantName = "[No Variations]"
Add component (AddParameter): Name = "Part Number"; Value = "RC0603FR-071KL"; VariantName = "[No Variations]"
Add component (AddParameter): Name = "Type"; Value = "Resistor"; VariantName = "[No Variations]"
Added Component: Designator=R18(0603 Resistor)
Add component (AddParameter): Name = "ComponentLink1Description"; Value = "Chip&Dip"; VariantName = "[No Variations]"
Add component (AddParameter): Name = "ComponentLink1URL"; Value = "https://www.chipdip.ru/product0/9000079676"; VariantName = "[No Variations]"
Add component (AddParameter): Name = "Manufacturer"; Value = "Taiwan"; VariantName = "[No Variations]"
Add component (AddParameter): Name = "Part Number"; Value = "RC0603FR-071KL"; VariantName = "[No Variations]"
Add component (AddParameter): Name = "Type"; Value = "Resistor"; VariantName = "[No Variations]"
Added Component: Designator=R19(0603 Resistor)
Add component (AddParameter): Name = "ComponentLink1Description"; Value = "Chip&Dip"; VariantName = "[No Variations]"
Add component (AddParameter): Name = "ComponentLink1URL"; Value = "https://www.chipdip.ru/product0/9000079736"; VariantName = "[No Variations]"
Add component (AddParameter): Name = "Manufacturer"; Value = "Taiwan"; VariantName = "[No Variations]"
Add component (AddParameter): Name = "Part Number"; Value = "RC0603FR-0710KL"; VariantName = "[No Variations]"
Add component (AddParameter): Name = "Type"; Value = "Resistor"; VariantName = "[No Variations]"
Added Component: Designator=R20(0603 Resistor)
Add component (AddParameter): Name = "ComponentLink1Description"; Value = "Chip&Dip"; VariantName = "[No Variations]"
Add component (AddParameter): Name = "ComponentLink1URL"; Value = "https://www.chipdip.ru/product0/9000079736"; VariantName = "[No Variations]"
Add component (AddParameter): Name = "Manufacturer"; Value = "Taiwan"; VariantName = "[No Variations]"
Add component (AddParameter): Name = "Part Number"; Value = "RC0603FR-0710KL"; VariantName = "[No Variations]"
Add component (AddParameter): Name = "Type"; Value = "Resistor"; VariantName = "[No Variations]"
Added Component: Designator=R21(0603 Resistor)
Add component (AddParameter): Name = "ComponentLink1Description"; Value = "Chip&Dip"; VariantName = "[No Variations]"
Add component (AddParameter): Name = "ComponentLink1URL"; Value = "https://www.chipdip.ru/product0/9000079736"; VariantName = "[No Variations]"
Add component (AddParameter): Name = "Manufacturer"; Value = "Taiwan"; VariantName = "[No Variations]"
Add component (AddParameter): Name = "Part Number"; Value = "RC0603FR-0710KL"; VariantName = "[No Variations]"
Add component (AddParameter): Name = "Type"; Value = "Resistor"; VariantName = "[No Variations]"
Added Component: Designator=R22(0603 Resistor)
Add component (AddParameter): Name = "ComponentLink1Description"; Value = "Chip&Dip"; VariantName = "[No Variations]"
Add component (AddParameter): Name = "ComponentLink1URL"; Value = "https://www.chipdip.ru/product0/9000079736"; VariantName = "[No Variations]"
Add component (AddParameter): Name = "Manufacturer"; Value = "Taiwan"; VariantName = "[No Variations]"
Add component (AddParameter): Name = "Part Number"; Value = "RC0603FR-0710KL"; VariantName = "[No Variations]"
Add component (AddParameter): Name = "Type"; Value = "Resistor"; VariantName = "[No Variations]"
Added Component: Designator=R23(0603 Resistor)
Add component (AddParameter): Name = "ComponentLink1Description"; Value = "Chip&Dip"; VariantName = "[No Variations]"
Add component (AddParameter): Name = "ComponentLink1URL"; Value = "https://www.chipdip.ru/product0/9000079736"; VariantName = "[No Variations]"
Add component (AddParameter): Name = "Manufacturer"; Value = "Taiwan"; VariantName = "[No Variations]"
Add component (AddParameter): Name = "Part Number"; Value = "RC0603FR-0710KL"; VariantName = "[No Variations]"
Add component (AddParameter): Name = "Type"; Value = "Resistor"; VariantName = "[No Variations]"
Added Component: Designator=U1(SIP7)
Add component (AddParameter): Name = "ComponentLink1Description"; Value = "Chip&Dip"; VariantName = "[No Variations]"
Add component (AddParameter): Name = "ComponentLink1URL"; Value = "https://www.chipdip.ru/product/tmv2412s"; VariantName = "[No Variations]"
Add component (AddParameter): Name = "ComponentLink2Description"; Value = "DataSheet"; VariantName = "[No Variations]"
Add component (AddParameter): Name = "ComponentLink2URL"; Value = "https://static.chipdip.ru/lib/005/DOC001005854.pdf"; VariantName = "[No Variations]"
Add component (AddParameter): Name = "Input Voltage"; Value = "24"; VariantName = "[No Variations]"
Add component (AddParameter): Name = "Manufacturer"; Value = "Traco Power"; VariantName = "[No Variations]"
Add component (AddParameter): Name = "Output Voltage"; Value = "12"; VariantName = "[No Variations]"
Add component (AddParameter): Name = "Part Number"; Value = "TMH2412S"; VariantName = "[No Variations]"
Add component (AddParameter): Name = "Type"; Value = "IC"; VariantName = "[No Variations]"
Added Component: Designator=U2(SOIC-14)
Add component (AddParameter): Name = "Chip&Dip"; Value = "https://www.chipdip.ru/product/74hc86d"; VariantName = "[No Variations]"
Added Component: Designator=U3(SOIC-14)
Add component (AddParameter): Name = "Chip&Dip"; Value = "https://www.chipdip.ru/product/sn74ac08dr"; VariantName = "[No Variations]"
Added Component: Designator=U4(SOIC-14)
Add component (AddParameter): Name = "Chip&Dip"; Value = "https://www.chipdip.ru/product/74hc21d.653"; VariantName = "[No Variations]"
Added Component: Designator=U5(FAIR-MDIP-4_V)
Add component (AddParameter): Name = "ComponentLink1Description"; Value = "Chip&Dip"; VariantName = "[No Variations]"
Add component (AddParameter): Name = "ComponentLink1URL"; Value = "https://www.chipdip.ru/product/fod817b"; VariantName = "[No Variations]"
Add component (AddParameter): Name = "ComponentLink2Description"; Value = "DataSheet"; VariantName = "[No Variations]"
Add component (AddParameter): Name = "ComponentLink2URL"; Value = "https://static.chipdip.ru/lib/297/DOC000297284.pdf"; VariantName = "[No Variations]"
Add component (AddParameter): Name = "Manufacturer"; Value = "ON Semiconductor"; VariantName = "[No Variations]"
Add component (AddParameter): Name = "Part Nomber"; Value = "FOD817B"; VariantName = "[No Variations]"
Added Component: Designator=U6(FAIR-MDIP-4_V)
Add component (AddParameter): Name = "ComponentLink1Description"; Value = "Chip&Dip"; VariantName = "[No Variations]"
Add component (AddParameter): Name = "ComponentLink1URL"; Value = "https://www.chipdip.ru/product/fod817b"; VariantName = "[No Variations]"
Add component (AddParameter): Name = "ComponentLink2Description"; Value = "DataSheet"; VariantName = "[No Variations]"
Add component (AddParameter): Name = "ComponentLink2URL"; Value = "https://static.chipdip.ru/lib/297/DOC000297284.pdf"; VariantName = "[No Variations]"
Add component (AddParameter): Name = "Manufacturer"; Value = "ON Semiconductor"; VariantName = "[No Variations]"
Add component (AddParameter): Name = "Part Nomber"; Value = "FOD817B"; VariantName = "[No Variations]"
Added Component: Designator=U7(SOIC-14)
Add component (AddParameter): Name = "Chip&Dip"; Value = "https://www.chipdip.ru/product/74hc4002d"; VariantName = "[No Variations]"
Added Component: Designator=U8(SOT236)
Add component (AddParameter): Name = "Chip&Dip"; Value = "https://www.chipdip.ru/product/sn74lvc2g04dbvr-2"; VariantName = "[No Variations]"
Added Component: Designator=U9(SOT-23-5)
Add component (AddParameter): Name = "ComponentLink1Description"; Value = "DataSheet"; VariantName = "[No Variations]"
Add component (AddParameter): Name = "ComponentLink1URL"; Value = "http://www.ti.com/lit/ds/symlink/lmv7219.pdf"; VariantName = "[No Variations]"
Add component (AddParameter): Name = "ComponentLink2Description"; Value = "Mouser"; VariantName = "[No Variations]"
Add component (AddParameter): Name = "ComponentLink2URL"; Value = "https://ru.mouser.com/ProductDetail/Texas-Instruments/LMV7219M5X-NOPB?qs=sGAEpiMZZMuayl%2FEk2kXcbEcxwmoPguctVQUIBgrLJY%3D"; VariantName = "[No Variations]"
Add component (AddParameter): Name = "Manufacturer"; Value = "Texas Instruments"; VariantName = "[No Variations]"
Add component (AddParameter): Name = "Part Number"; Value = "LMV7219M5X/NOPB"; VariantName = "[No Variations]"
Add component (AddParameter): Name = "Type"; Value = "IC"; VariantName = "[No Variations]"
Added Component: Designator=U10(SOT236)
Add component (AddParameter): Name = "Chip&Dip"; Value = "https://www.chipdip.ru/product/sn74lvc2g04dbvr-2"; VariantName = "[No Variations]"
Added Component: Designator=U11(SOIC-14)
Add component (AddParameter): Name = "Chip&Dip"; Value = "https://www.chipdip.ru/product/sn74ac08dr"; VariantName = "[No Variations]"
Added Component: Designator=U12(SOT-23-5)
Add component (AddParameter): Name = "ComponentLink1Description"; Value = "DataSheet"; VariantName = "[No Variations]"
Add component (AddParameter): Name = "ComponentLink1URL"; Value = "http://www.ti.com/lit/ds/symlink/lmv7219.pdf"; VariantName = "[No Variations]"
Add component (AddParameter): Name = "ComponentLink2Description"; Value = "Mouser"; VariantName = "[No Variations]"
Add component (AddParameter): Name = "ComponentLink2URL"; Value = "https://ru.mouser.com/ProductDetail/Texas-Instruments/LMV7219M5X-NOPB?qs=sGAEpiMZZMuayl%2FEk2kXcbEcxwmoPguctVQUIBgrLJY%3D"; VariantName = "[No Variations]"
Add component (AddParameter): Name = "Manufacturer"; Value = "Texas Instruments"; VariantName = "[No Variations]"
Add component (AddParameter): Name = "Part Number"; Value = "LMV7219M5X/NOPB"; VariantName = "[No Variations]"
Add component (AddParameter): Name = "Type"; Value = "IC"; VariantName = "[No Variations]"
Added Component: Designator=U13(SOT-23-5)
Add component (AddParameter): Name = "ComponentLink1Description"; Value = "DataSheet"; VariantName = "[No Variations]"
Add component (AddParameter): Name = "ComponentLink1URL"; Value = "http://www.ti.com/lit/ds/symlink/lmv7219.pdf"; VariantName = "[No Variations]"
Add component (AddParameter): Name = "ComponentLink2Description"; Value = "Mouser"; VariantName = "[No Variations]"
Add component (AddParameter): Name = "ComponentLink2URL"; Value = "https://ru.mouser.com/ProductDetail/Texas-Instruments/LMV7219M5X-NOPB?qs=sGAEpiMZZMuayl%2FEk2kXcbEcxwmoPguctVQUIBgrLJY%3D"; VariantName = "[No Variations]"
Add component (AddParameter): Name = "Manufacturer"; Value = "Texas Instruments"; VariantName = "[No Variations]"
Add component (AddParameter): Name = "Part Number"; Value = "LMV7219M5X/NOPB"; VariantName = "[No Variations]"
Add component (AddParameter): Name = "Type"; Value = "IC"; VariantName = "[No Variations]"
Added Component: Designator=U14(SOT-23-5)
Add component (AddParameter): Name = "ComponentLink1Description"; Value = "DataSheet"; VariantName = "[No Variations]"
Add component (AddParameter): Name = "ComponentLink1URL"; Value = "http://www.ti.com/lit/ds/symlink/lmv7219.pdf"; VariantName = "[No Variations]"
Add component (AddParameter): Name = "ComponentLink2Description"; Value = "Mouser"; VariantName = "[No Variations]"
Add component (AddParameter): Name = "ComponentLink2URL"; Value = "https://ru.mouser.com/ProductDetail/Texas-Instruments/LMV7219M5X-NOPB?qs=sGAEpiMZZMuayl%2FEk2kXcbEcxwmoPguctVQUIBgrLJY%3D"; VariantName = "[No Variations]"
Add component (AddParameter): Name = "Manufacturer"; Value = "Texas Instruments"; VariantName = "[No Variations]"
Add component (AddParameter): Name = "Part Number"; Value = "LMV7219M5X/NOPB"; VariantName = "[No Variations]"
Add component (AddParameter): Name = "Type"; Value = "IC"; VariantName = "[No Variations]"
Added Component: Designator=U15(SOT236)
Add component (AddParameter): Name = "Chip&Dip"; Value = "https://www.chipdip.ru/product/sn74lvc2g04dbvr-2"; VariantName = "[No Variations]"
Added Component: Designator=U16(SOT236)
Add component (AddParameter): Name = "Chip&Dip"; Value = "https://www.chipdip.ru/product/sn74lvc2g04dbvr-2"; VariantName = "[No Variations]"
Added Component: Designator=U17(SOT-23-5)
Add component (AddParameter): Name = "ComponentLink1Description"; Value = "DataSheet"; VariantName = "[No Variations]"
Add component (AddParameter): Name = "ComponentLink1URL"; Value = "http://www.ti.com/lit/ds/symlink/lmv7219.pdf"; VariantName = "[No Variations]"
Add component (AddParameter): Name = "ComponentLink2Description"; Value = "Mouser"; VariantName = "[No Variations]"
Add component (AddParameter): Name = "ComponentLink2URL"; Value = "https://ru.mouser.com/ProductDetail/Texas-Instruments/LMV7219M5X-NOPB?qs=sGAEpiMZZMuayl%2FEk2kXcbEcxwmoPguctVQUIBgrLJY%3D"; VariantName = "[No Variations]"
Add component (AddParameter): Name = "Manufacturer"; Value = "Texas Instruments"; VariantName = "[No Variations]"
Add component (AddParameter): Name = "Part Number"; Value = "LMV7219M5X/NOPB"; VariantName = "[No Variations]"
Add component (AddParameter): Name = "Type"; Value = "IC"; VariantName = "[No Variations]"
Added Component: Designator=U18(SOT-23-5)
Add component (AddParameter): Name = "ComponentLink1Description"; Value = "DataSheet"; VariantName = "[No Variations]"
Add component (AddParameter): Name = "ComponentLink1URL"; Value = "http://www.ti.com/lit/ds/symlink/lmv7219.pdf"; VariantName = "[No Variations]"
Add component (AddParameter): Name = "ComponentLink2Description"; Value = "Mouser"; VariantName = "[No Variations]"
Add component (AddParameter): Name = "ComponentLink2URL"; Value = "https://ru.mouser.com/ProductDetail/Texas-Instruments/LMV7219M5X-NOPB?qs=sGAEpiMZZMuayl%2FEk2kXcbEcxwmoPguctVQUIBgrLJY%3D"; VariantName = "[No Variations]"
Add component (AddParameter): Name = "Manufacturer"; Value = "Texas Instruments"; VariantName = "[No Variations]"
Add component (AddParameter): Name = "Part Number"; Value = "LMV7219M5X/NOPB"; VariantName = "[No Variations]"
Add component (AddParameter): Name = "Type"; Value = "IC"; VariantName = "[No Variations]"
Added Component: Designator=U19(SOIC-14)
Add component (AddParameter): Name = "Chip&Dip"; Value = "https://www.chipdip.ru/product/sn74ac08dr"; VariantName = "[No Variations]"
Added Component: Designator=U20(SOT236)
Add component (AddParameter): Name = "Chip&Dip"; Value = "https://www.chipdip.ru/product/sn74lvc2g04dbvr-2"; VariantName = "[No Variations]"
Added Component: Designator=U21(SOT-23-5)
Add component (AddParameter): Name = "ComponentLink1Description"; Value = "DataSheet"; VariantName = "[No Variations]"
Add component (AddParameter): Name = "ComponentLink1URL"; Value = "http://www.ti.com/lit/ds/symlink/lmv7219.pdf"; VariantName = "[No Variations]"
Add component (AddParameter): Name = "ComponentLink2Description"; Value = "Mouser"; VariantName = "[No Variations]"
Add component (AddParameter): Name = "ComponentLink2URL"; Value = "https://ru.mouser.com/ProductDetail/Texas-Instruments/LMV7219M5X-NOPB?qs=sGAEpiMZZMuayl%2FEk2kXcbEcxwmoPguctVQUIBgrLJY%3D"; VariantName = "[No Variations]"
Add component (AddParameter): Name = "Manufacturer"; Value = "Texas Instruments"; VariantName = "[No Variations]"
Add component (AddParameter): Name = "Part Number"; Value = "LMV7219M5X/NOPB"; VariantName = "[No Variations]"
Add component (AddParameter): Name = "Type"; Value = "IC"; VariantName = "[No Variations]"
Added Component: Designator=U22(SOT-23-5)
Add component (AddParameter): Name = "ComponentLink1Description"; Value = "DataSheet"; VariantName = "[No Variations]"
Add component (AddParameter): Name = "ComponentLink1URL"; Value = "http://www.ti.com/lit/ds/symlink/lmv7219.pdf"; VariantName = "[No Variations]"
Add component (AddParameter): Name = "ComponentLink2Description"; Value = "Mouser"; VariantName = "[No Variations]"
Add component (AddParameter): Name = "ComponentLink2URL"; Value = "https://ru.mouser.com/ProductDetail/Texas-Instruments/LMV7219M5X-NOPB?qs=sGAEpiMZZMuayl%2FEk2kXcbEcxwmoPguctVQUIBgrLJY%3D"; VariantName = "[No Variations]"
Add component (AddParameter): Name = "Manufacturer"; Value = "Texas Instruments"; VariantName = "[No Variations]"
Add component (AddParameter): Name = "Part Number"; Value = "LMV7219M5X/NOPB"; VariantName = "[No Variations]"
Add component (AddParameter): Name = "Type"; Value = "IC"; VariantName = "[No Variations]"
Added Component: Designator=U23(SOT-23-5)
Add component (AddParameter): Name = "ComponentLink1Description"; Value = "DataSheet"; VariantName = "[No Variations]"
Add component (AddParameter): Name = "ComponentLink1URL"; Value = "http://www.ti.com/lit/ds/symlink/lmv7219.pdf"; VariantName = "[No Variations]"
Add component (AddParameter): Name = "ComponentLink2Description"; Value = "Mouser"; VariantName = "[No Variations]"
Add component (AddParameter): Name = "ComponentLink2URL"; Value = "https://ru.mouser.com/ProductDetail/Texas-Instruments/LMV7219M5X-NOPB?qs=sGAEpiMZZMuayl%2FEk2kXcbEcxwmoPguctVQUIBgrLJY%3D"; VariantName = "[No Variations]"
Add component (AddParameter): Name = "Manufacturer"; Value = "Texas Instruments"; VariantName = "[No Variations]"
Add component (AddParameter): Name = "Part Number"; Value = "LMV7219M5X/NOPB"; VariantName = "[No Variations]"
Add component (AddParameter): Name = "Type"; Value = "IC"; VariantName = "[No Variations]"
Added Component: Designator=U24(SOT-23-5)
Add component (AddParameter): Name = "ComponentLink1Description"; Value = "DataSheet"; VariantName = "[No Variations]"
Add component (AddParameter): Name = "ComponentLink1URL"; Value = "http://www.ti.com/lit/ds/symlink/lmv7219.pdf"; VariantName = "[No Variations]"
Add component (AddParameter): Name = "ComponentLink2Description"; Value = "Mouser"; VariantName = "[No Variations]"
Add component (AddParameter): Name = "ComponentLink2URL"; Value = "https://ru.mouser.com/ProductDetail/Texas-Instruments/LMV7219M5X-NOPB?qs=sGAEpiMZZMuayl%2FEk2kXcbEcxwmoPguctVQUIBgrLJY%3D"; VariantName = "[No Variations]"
Add component (AddParameter): Name = "Manufacturer"; Value = "Texas Instruments"; VariantName = "[No Variations]"
Add component (AddParameter): Name = "Part Number"; Value = "LMV7219M5X/NOPB"; VariantName = "[No Variations]"
Add component (AddParameter): Name = "Type"; Value = "IC"; VariantName = "[No Variations]"
Added Component: Designator=U27(SOT-23-5)
Add component (AddParameter): Name = "ComponentLink1Description"; Value = "DataSheet"; VariantName = "[No Variations]"
Add component (AddParameter): Name = "ComponentLink1URL"; Value = "http://www.ti.com/lit/ds/symlink/lmv7219.pdf"; VariantName = "[No Variations]"
Add component (AddParameter): Name = "ComponentLink2Description"; Value = "Mouser"; VariantName = "[No Variations]"
Add component (AddParameter): Name = "ComponentLink2URL"; Value = "https://ru.mouser.com/ProductDetail/Texas-Instruments/LMV7219M5X-NOPB?qs=sGAEpiMZZMuayl%2FEk2kXcbEcxwmoPguctVQUIBgrLJY%3D"; VariantName = "[No Variations]"
Add component (AddParameter): Name = "Manufacturer"; Value = "Texas Instruments"; VariantName = "[No Variations]"
Add component (AddParameter): Name = "Part Number"; Value = "LMV7219M5X/NOPB"; VariantName = "[No Variations]"
Add component (AddParameter): Name = "Type"; Value = "IC"; VariantName = "[No Variations]"
Added Component: Designator=U28(SOT-23-5)
Add component (AddParameter): Name = "ComponentLink1Description"; Value = "DataSheet"; VariantName = "[No Variations]"
Add component (AddParameter): Name = "ComponentLink1URL"; Value = "http://www.ti.com/lit/ds/symlink/lmv7219.pdf"; VariantName = "[No Variations]"
Add component (AddParameter): Name = "ComponentLink2Description"; Value = "Mouser"; VariantName = "[No Variations]"
Add component (AddParameter): Name = "ComponentLink2URL"; Value = "https://ru.mouser.com/ProductDetail/Texas-Instruments/LMV7219M5X-NOPB?qs=sGAEpiMZZMuayl%2FEk2kXcbEcxwmoPguctVQUIBgrLJY%3D"; VariantName = "[No Variations]"
Add component (AddParameter): Name = "Manufacturer"; Value = "Texas Instruments"; VariantName = "[No Variations]"
Add component (AddParameter): Name = "Part Number"; Value = "LMV7219M5X/NOPB"; VariantName = "[No Variations]"
Add component (AddParameter): Name = "Type"; Value = "IC"; VariantName = "[No Variations]"
Added Pin To Net: NetName=GND Pin=C1-1
Added Pin To Net: NetName=+5V Pin=C1-2
Added Pin To Net: NetName=GND Pin=C2-1
Added Pin To Net: NetName=+5V Pin=C2-2
Added Pin To Net: NetName=GND Pin=C3-1
Added Pin To Net: NetName=+5V Pin=C3-2
Added Pin To Net: NetName=GND Pin=C4-1
Added Pin To Net: NetName=+5V Pin=C4-2
Added Pin To Net: NetName=GND Pin=C5-1
Added Pin To Net: NetName=+5V Pin=C5-2
Added Pin To Net: NetName=+5V Pin=C6-1
Added Pin To Net: NetName=GND Pin=C6-2
Added Pin To Net: NetName=GND Pin=C7-1
Added Pin To Net: NetName=+5V Pin=C7-2
Added Pin To Net: NetName=GND Pin=C8-1
Added Pin To Net: NetName=+5V Pin=C8-2
Added Pin To Net: NetName=GND Pin=C9-1
Added Pin To Net: NetName=+5V Pin=C9-2
Added Pin To Net: NetName=GND Pin=C10-1
Added Pin To Net: NetName=+5V Pin=C10-2
Added Pin To Net: NetName=GND Pin=C11-1
Added Pin To Net: NetName=+5V Pin=C11-2
Added Pin To Net: NetName=+24V_in Pin=J1-1
Added Pin To Net: NetName=Out_High Pin=J1-2
Added Pin To Net: NetName=Out_Low Pin=J1-3
Added Pin To Net: NetName=GND_in Pin=J1-4
Added Pin To Net: NetName=NetJ2_1 Pin=J2-1
Added Pin To Net: NetName=NetJ2_2 Pin=J2-2
Added Pin To Net: NetName=NetJ3_1 Pin=J3-1
Added Pin To Net: NetName=NetJ3_2 Pin=J3-2
Added Pin To Net: NetName=NetJ4_1 Pin=J4-1
Added Pin To Net: NetName=NetJ4_2 Pin=J4-2
Added Pin To Net: NetName=NetJ5_1 Pin=J5-1
Added Pin To Net: NetName=NetJ5_2 Pin=J5-2
Added Pin To Net: NetName=+4V Pin=R1-1
Added Pin To Net: NetName=+5V Pin=R1-2
Added Pin To Net: NetName=+3V Pin=R2-1
Added Pin To Net: NetName=+5V Pin=R2-2
Added Pin To Net: NetName=+2V Pin=R3-1
Added Pin To Net: NetName=+5V Pin=R3-2
Added Pin To Net: NetName=GND Pin=R4-1
Added Pin To Net: NetName=+4V Pin=R4-2
Added Pin To Net: NetName=GND Pin=R5-1
Added Pin To Net: NetName=+3V Pin=R5-2
Added Pin To Net: NetName=GND Pin=R6-1
Added Pin To Net: NetName=+2V Pin=R6-2
Added Pin To Net: NetName=Out_Low Pin=R7-1
Added Pin To Net: NetName=NetR7_2 Pin=R7-2
Added Pin To Net: NetName=GND Pin=R8-1
Added Pin To Net: NetName=NetR8_2 Pin=R8-2
Added Pin To Net: NetName=Out_Low Pin=R9-1
Added Pin To Net: NetName=NetR9_2 Pin=R9-2
Added Pin To Net: NetName=GND Pin=R10-1
Added Pin To Net: NetName=NetR10_2 Pin=R10-2
Added Pin To Net: NetName=NetJ2_1 Pin=R11-1
Added Pin To Net: NetName=+5V Pin=R11-2
Added Pin To Net: NetName=GND Pin=R12-1
Added Pin To Net: NetName=NetJ2_2 Pin=R12-2
Added Pin To Net: NetName=NetJ3_1 Pin=R13-1
Added Pin To Net: NetName=+5V Pin=R13-2
Added Pin To Net: NetName=NetJ4_1 Pin=R14-1
Added Pin To Net: NetName=+5V Pin=R14-2
Added Pin To Net: NetName=GND Pin=R15-1
Added Pin To Net: NetName=NetJ3_2 Pin=R15-2
Added Pin To Net: NetName=GND Pin=R16-1
Added Pin To Net: NetName=NetJ4_2 Pin=R16-2
Added Pin To Net: NetName=NetJ5_1 Pin=R17-1
Added Pin To Net: NetName=+5V Pin=R17-2
Added Pin To Net: NetName=GND Pin=R18-1
Added Pin To Net: NetName=NetJ5_2 Pin=R18-2
Added Pin To Net: NetName=NetR19_1 Pin=R19-1
Added Pin To Net: NetName=+5V Pin=R19-2
Added Pin To Net: NetName=GND Pin=R20-1
Added Pin To Net: NetName=NetR20_2 Pin=R20-2
Added Pin To Net: NetName=GND Pin=R21-1
Added Pin To Net: NetName=NetR21_2 Pin=R21-2
Added Pin To Net: NetName=GND Pin=R22-1
Added Pin To Net: NetName=NetR22_2 Pin=R22-2
Added Pin To Net: NetName=GND Pin=R23-1
Added Pin To Net: NetName=NetR23_2 Pin=R23-2
Added Pin To Net: NetName=+24V_in Pin=U1-1
Added Pin To Net: NetName=GND_in Pin=U1-2
Added Pin To Net: NetName=GND Pin=U1-4
Added Pin To Net: NetName=+5V Pin=U1-6
Added Pin To Net: NetName=Red_On1 Pin=U2-1
Added Pin To Net: NetName=Green_On1 Pin=U2-2
Added Pin To Net: NetName=NetU2_3 Pin=U2-3
Added Pin To Net: NetName=Red_On2 Pin=U2-4
Added Pin To Net: NetName=Green_On2 Pin=U2-5
Added Pin To Net: NetName=NetU2_6 Pin=U2-6
Added Pin To Net: NetName=GND Pin=U2-7
Added Pin To Net: NetName=NetU2_8 Pin=U2-8
Added Pin To Net: NetName=Red_On3 Pin=U2-9
Added Pin To Net: NetName=Green_On3 Pin=U2-10
Added Pin To Net: NetName=NetU2_11 Pin=U2-11
Added Pin To Net: NetName=Red_On_VD Pin=U2-12
Added Pin To Net: NetName=Green_On_VD Pin=U2-13
Added Pin To Net: NetName=+5V Pin=U2-14
Added Pin To Net: NetName=NetU3_1 Pin=U3-1
Added Pin To Net: NetName=NetU3_2 Pin=U3-2
Added Pin To Net: NetName=NetU3_3 Pin=U3-3
Added Pin To Net: NetName=NetU3_1 Pin=U3-4
Added Pin To Net: NetName=NetU3_5 Pin=U3-5
Added Pin To Net: NetName=NetU3_6 Pin=U3-6
Added Pin To Net: NetName=GND Pin=U3-7
Added Pin To Net: NetName=NetR20_2 Pin=U3-8
Added Pin To Net: NetName=NetR19_1 Pin=U3-9
Added Pin To Net: NetName=NetR19_1 Pin=U3-10
Added Pin To Net: NetName=NetR21_2 Pin=U3-11
Added Pin To Net: NetName=NetR19_1 Pin=U3-12
Added Pin To Net: NetName=NetR19_1 Pin=U3-13
Added Pin To Net: NetName=+5V Pin=U3-14
Added Pin To Net: NetName=Green_On1 Pin=U4-1
Added Pin To Net: NetName=Green_On2 Pin=U4-2
Added Pin To Net: NetName=Green_On3 Pin=U4-4
Added Pin To Net: NetName=Green_On_VD Pin=U4-5
Added Pin To Net: NetName=NetU3_2 Pin=U4-6
Added Pin To Net: NetName=GND Pin=U4-7
Added Pin To Net: NetName=NetU3_1 Pin=U4-8
Added Pin To Net: NetName=NetU2_3 Pin=U4-9
Added Pin To Net: NetName=NetU2_6 Pin=U4-10
Added Pin To Net: NetName=NetU2_8 Pin=U4-12
Added Pin To Net: NetName=NetU2_11 Pin=U4-13
Added Pin To Net: NetName=+5V Pin=U4-14
Added Pin To Net: NetName=NetU3_3 Pin=U5-1
Added Pin To Net: NetName=NetR8_2 Pin=U5-2
Added Pin To Net: NetName=NetR7_2 Pin=U5-3
Added Pin To Net: NetName=Out_High Pin=U5-4
Added Pin To Net: NetName=NetU3_6 Pin=U6-1
Added Pin To Net: NetName=NetR10_2 Pin=U6-2
Added Pin To Net: NetName=NetR9_2 Pin=U6-3
Added Pin To Net: NetName=Out_High Pin=U6-4
Added Pin To Net: NetName=NetU7_1 Pin=U7-1
Added Pin To Net: NetName=Red_On1 Pin=U7-2
Added Pin To Net: NetName=Red_On2 Pin=U7-3
Added Pin To Net: NetName=Red_On3 Pin=U7-4
Added Pin To Net: NetName=Red_On_VD Pin=U7-5
Added Pin To Net: NetName=GND Pin=U7-7
Added Pin To Net: NetName=NetR19_1 Pin=U7-9
Added Pin To Net: NetName=NetR19_1 Pin=U7-10
Added Pin To Net: NetName=NetR19_1 Pin=U7-11
Added Pin To Net: NetName=NetR19_1 Pin=U7-12
Added Pin To Net: NetName=NetR22_2 Pin=U7-13
Added Pin To Net: NetName=+5V Pin=U7-14
Added Pin To Net: NetName=NetU7_1 Pin=U8-1
Added Pin To Net: NetName=GND Pin=U8-2
Added Pin To Net: NetName=NetR19_1 Pin=U8-3
Added Pin To Net: NetName=NetR23_2 Pin=U8-4
Added Pin To Net: NetName=+5V Pin=U8-5
Added Pin To Net: NetName=NetU3_5 Pin=U8-6
Added Pin To Net: NetName=NetU9_1 Pin=U9-1
Added Pin To Net: NetName=GND Pin=U9-2
Added Pin To Net: NetName=NetJ2_2 Pin=U9-3
Added Pin To Net: NetName=+4V Pin=U9-4
Added Pin To Net: NetName=+5V Pin=U9-5
Added Pin To Net: NetName=NetU9_1 Pin=U10-1
Added Pin To Net: NetName=GND Pin=U10-2
Added Pin To Net: NetName=NetU10_3 Pin=U10-3
Added Pin To Net: NetName=NetU10_4 Pin=U10-4
Added Pin To Net: NetName=+5V Pin=U10-5
Added Pin To Net: NetName=NetU10_6 Pin=U10-6
Added Pin To Net: NetName=NetU10_6 Pin=U11-1
Added Pin To Net: NetName=NetU10_3 Pin=U11-2
Added Pin To Net: NetName=Red_On1 Pin=U11-3
Added Pin To Net: NetName=NetU10_4 Pin=U11-4
Added Pin To Net: NetName=NetU11_5 Pin=U11-5
Added Pin To Net: NetName=Green_On1 Pin=U11-6
Added Pin To Net: NetName=GND Pin=U11-7
Added Pin To Net: NetName=Red_On_VD Pin=U11-8
Added Pin To Net: NetName=NetU11_9 Pin=U11-9
Added Pin To Net: NetName=NetU11_10 Pin=U11-10
Added Pin To Net: NetName=Green_On_VD Pin=U11-11
Added Pin To Net: NetName=NetU11_12 Pin=U11-12
Added Pin To Net: NetName=NetU11_13 Pin=U11-13
Added Pin To Net: NetName=+5V Pin=U11-14
Added Pin To Net: NetName=NetU10_3 Pin=U12-1
Added Pin To Net: NetName=GND Pin=U12-2
Added Pin To Net: NetName=NetJ2_2 Pin=U12-3
Added Pin To Net: NetName=+3V Pin=U12-4
Added Pin To Net: NetName=+5V Pin=U12-5
Added Pin To Net: NetName=NetU13_1 Pin=U13-1
Added Pin To Net: NetName=GND Pin=U13-2
Added Pin To Net: NetName=NetJ3_2 Pin=U13-3
Added Pin To Net: NetName=+4V Pin=U13-4
Added Pin To Net: NetName=+5V Pin=U13-5
Added Pin To Net: NetName=NetU11_5 Pin=U14-1
Added Pin To Net: NetName=GND Pin=U14-2
Added Pin To Net: NetName=NetJ2_2 Pin=U14-3
Added Pin To Net: NetName=+2V Pin=U14-4
Added Pin To Net: NetName=+5V Pin=U14-5
Added Pin To Net: NetName=NetU13_1 Pin=U15-1
Added Pin To Net: NetName=GND Pin=U15-2
Added Pin To Net: NetName=NetU11_10 Pin=U15-3
Added Pin To Net: NetName=NetU11_12 Pin=U15-4
Added Pin To Net: NetName=+5V Pin=U15-5
Added Pin To Net: NetName=NetU11_9 Pin=U15-6
Added Pin To Net: NetName=NetU16_1 Pin=U16-1
Added Pin To Net: NetName=GND Pin=U16-2
Added Pin To Net: NetName=NetU16_3 Pin=U16-3
Added Pin To Net: NetName=NetU16_4 Pin=U16-4
Added Pin To Net: NetName=+5V Pin=U16-5
Added Pin To Net: NetName=NetU16_6 Pin=U16-6
Added Pin To Net: NetName=NetU11_10 Pin=U17-1
Added Pin To Net: NetName=GND Pin=U17-2
Added Pin To Net: NetName=NetJ3_2 Pin=U17-3
Added Pin To Net: NetName=+3V Pin=U17-4
Added Pin To Net: NetName=+5V Pin=U17-5
Added Pin To Net: NetName=NetU16_1 Pin=U18-1
Added Pin To Net: NetName=GND Pin=U18-2
Added Pin To Net: NetName=NetJ4_2 Pin=U18-3
Added Pin To Net: NetName=+4V Pin=U18-4
Added Pin To Net: NetName=+5V Pin=U18-5
Added Pin To Net: NetName=NetU19_1 Pin=U19-1
Added Pin To Net: NetName=NetU19_2 Pin=U19-2
Added Pin To Net: NetName=Red_On3 Pin=U19-3
Added Pin To Net: NetName=NetU19_4 Pin=U19-4
Added Pin To Net: NetName=NetU19_5 Pin=U19-5
Added Pin To Net: NetName=Green_On3 Pin=U19-6
Added Pin To Net: NetName=GND Pin=U19-7
Added Pin To Net: NetName=Red_On2 Pin=U19-8
Added Pin To Net: NetName=NetU16_6 Pin=U19-9
Added Pin To Net: NetName=NetU16_3 Pin=U19-10
Added Pin To Net: NetName=Green_On2 Pin=U19-11
Added Pin To Net: NetName=NetU16_4 Pin=U19-12
Added Pin To Net: NetName=NetU19_13 Pin=U19-13
Added Pin To Net: NetName=+5V Pin=U19-14
Added Pin To Net: NetName=NetU20_1 Pin=U20-1
Added Pin To Net: NetName=GND Pin=U20-2
Added Pin To Net: NetName=NetU19_2 Pin=U20-3
Added Pin To Net: NetName=NetU19_4 Pin=U20-4
Added Pin To Net: NetName=+5V Pin=U20-5
Added Pin To Net: NetName=NetU19_1 Pin=U20-6
Added Pin To Net: NetName=NetU16_3 Pin=U21-1
Added Pin To Net: NetName=GND Pin=U21-2
Added Pin To Net: NetName=NetJ4_2 Pin=U21-3
Added Pin To Net: NetName=+3V Pin=U21-4
Added Pin To Net: NetName=+5V Pin=U21-5
Added Pin To Net: NetName=NetU11_13 Pin=U22-1
Added Pin To Net: NetName=GND Pin=U22-2
Added Pin To Net: NetName=NetJ3_2 Pin=U22-3
Added Pin To Net: NetName=+2V Pin=U22-4
Added Pin To Net: NetName=+5V Pin=U22-5
Added Pin To Net: NetName=NetU19_13 Pin=U23-1
Added Pin To Net: NetName=GND Pin=U23-2
Added Pin To Net: NetName=NetJ4_2 Pin=U23-3
Added Pin To Net: NetName=+2V Pin=U23-4
Added Pin To Net: NetName=+5V Pin=U23-5
Added Pin To Net: NetName=NetU20_1 Pin=U24-1
Added Pin To Net: NetName=GND Pin=U24-2
Added Pin To Net: NetName=NetJ5_2 Pin=U24-3
Added Pin To Net: NetName=+4V Pin=U24-4
Added Pin To Net: NetName=+5V Pin=U24-5
Added Pin To Net: NetName=NetU19_2 Pin=U27-1
Added Pin To Net: NetName=GND Pin=U27-2
Added Pin To Net: NetName=NetJ5_2 Pin=U27-3
Added Pin To Net: NetName=+3V Pin=U27-4
Added Pin To Net: NetName=+5V Pin=U27-5
Added Pin To Net: NetName=NetU19_5 Pin=U28-1
Added Pin To Net: NetName=GND Pin=U28-2
Added Pin To Net: NetName=NetJ5_2 Pin=U28-3
Added Pin To Net: NetName=+2V Pin=U28-4
Added Pin To Net: NetName=+5V Pin=U28-5
Added Member To Class: ClassName=Main Member=Component C1 0.1uF
Added Member To Class: ClassName=Main Member=Component C2 0.1uF
Added Member To Class: ClassName=Main Member=Component C3 0.1uF
Added Member To Class: ClassName=Main Member=Component C4 0.1uF
Added Member To Class: ClassName=Main Member=Component C5 0.1uF
Added Member To Class: ClassName=Detection Member=Component C6 0.1uF
Added Member To Class: ClassName=Detection Member=Component C7 0.1uF
Added Member To Class: ClassName=Detection Member=Component C8 0.1uF
Added Member To Class: ClassName=Detection Member=Component C9 0.1uF
Added Member To Class: ClassName=Detection Member=Component C10 0.1uF
Added Member To Class: ClassName=Detection Member=Component C11 0.1uF
Added Member To Class: ClassName=Main Member=Component J1 Conn4x1
Added Member To Class: ClassName=Detection Member=Component J2 Conn2x1
Added Member To Class: ClassName=Detection Member=Component J3 Conn2x1
Added Member To Class: ClassName=Detection Member=Component J4 Conn2x1
Added Member To Class: ClassName=Detection Member=Component J5 Conn2x1
Added Member To Class: ClassName=Main Member=Component R1 1k
Added Member To Class: ClassName=Main Member=Component R2 1k
Added Member To Class: ClassName=Main Member=Component R3 1k
Added Member To Class: ClassName=Main Member=Component R4 4.7k
Added Member To Class: ClassName=Main Member=Component R5 4.7k
Added Member To Class: ClassName=Main Member=Component R6 4.7k
Added Member To Class: ClassName=Main Member=Component R7 1k
Added Member To Class: ClassName=Main Member=Component R8 1k
Added Member To Class: ClassName=Main Member=Component R9 1k
Added Member To Class: ClassName=Main Member=Component R10 1k
Added Member To Class: ClassName=Detection Member=Component R11 1k
Added Member To Class: ClassName=Detection Member=Component R12 1k
Added Member To Class: ClassName=Detection Member=Component R13 1k
Added Member To Class: ClassName=Detection Member=Component R14 1k
Added Member To Class: ClassName=Detection Member=Component R15 1k
Added Member To Class: ClassName=Detection Member=Component R16 1k
Added Member To Class: ClassName=Detection Member=Component R17 1k
Added Member To Class: ClassName=Detection Member=Component R18 1k
Added Member To Class: ClassName=Main Member=Component R19 10k
Added Member To Class: ClassName=Main Member=Component R20 10k
Added Member To Class: ClassName=Main Member=Component R21 10k
Added Member To Class: ClassName=Main Member=Component R22 10k
Added Member To Class: ClassName=Main Member=Component R23 10k
Added Member To Class: ClassName=Main Member=Component U1 DC/DC
Added Member To Class: ClassName=Main Member=Component U2 2XOR
Added Member To Class: ClassName=Main Member=Component U3 2AND
Added Member To Class: ClassName=Main Member=Component U4 4AND
Added Member To Class: ClassName=Main Member=Component U5 Opt
Added Member To Class: ClassName=Main Member=Component U6 Opt
Added Member To Class: ClassName=Main Member=Component U7 4AND
Added Member To Class: ClassName=Main Member=Component U8 Inv
Added Member To Class: ClassName=Detection Member=Component U9 Comparator
Added Member To Class: ClassName=Detection Member=Component U10 Inv
Added Member To Class: ClassName=Detection Member=Component U11 2AND
Added Member To Class: ClassName=Detection Member=Component U12 Comparator
Added Member To Class: ClassName=Detection Member=Component U13 Comparator
Added Member To Class: ClassName=Detection Member=Component U14 Comparator
Added Member To Class: ClassName=Detection Member=Component U15 Inv
Added Member To Class: ClassName=Detection Member=Component U16 Inv
Added Member To Class: ClassName=Detection Member=Component U17 Comparator
Added Member To Class: ClassName=Detection Member=Component U18 Comparator
Added Member To Class: ClassName=Detection Member=Component U19 2AND
Added Member To Class: ClassName=Detection Member=Component U20 Inv
Added Member To Class: ClassName=Detection Member=Component U21 Comparator
Added Member To Class: ClassName=Detection Member=Component U22 Comparator
Added Member To Class: ClassName=Detection Member=Component U23 Comparator
Added Member To Class: ClassName=Detection Member=Component U24 Comparator
Added Member To Class: ClassName=Detection Member=Component U27 Comparator
Added Member To Class: ClassName=Detection Member=Component U28 Comparator
Added Room: Name=Detection
Added Room: Name=Main
