Change Component Physical Designator: Old Designator=C1_Primary New Designator=C14
Change Component Physical Designator: Old Designator=C1_Secondary New Designator=C19
Change Component Physical Designator: Old Designator=C2_Primary New Designator=C15
Change Component Physical Designator: Old Designator=C2_Secondary New Designator=C20
Change Component Physical Designator: Old Designator=C3_Primary New Designator=C16
Change Component Physical Designator: Old Designator=C3_Secondary New Designator=C21
Change Component Physical Designator: Old Designator=C4_Primary New Designator=C17
Change Component Physical Designator: Old Designator=C4_Secondary New Designator=C22
Change Component Physical Designator: Old Designator=C5_Primary New Designator=C18
Change Component Physical Designator: Old Designator=C5_Secondary New Designator=C23
Change Component Physical Designator: Old Designator=C6_Detection1 New Designator=C2
Change Component Physical Designator: Old Designator=C6_Detection2 New Designator=C8
Change Component Physical Designator: Old Designator=C7_Detection1 New Designator=C3
Change Component Physical Designator: Old Designator=C7_Detection2 New Designator=C9
Change Component Physical Designator: Old Designator=C8_Detection1 New Designator=C4
Change Component Physical Designator: Old Designator=C8_Detection2 New Designator=C10
Change Component Physical Designator: Old Designator=C9_Detection1 New Designator=C5
Change Component Physical Designator: Old Designator=C9_Detection2 New Designator=C11
Change Component Physical Designator: Old Designator=C10_Detection1 New Designator=C6
Change Component Physical Designator: Old Designator=C10_Detection2 New Designator=C12
Change Component Physical Designator: Old Designator=C11_Detection1 New Designator=C7
Change Component Physical Designator: Old Designator=C11_Detection2 New Designator=C13
Change Component Physical Designator: Old Designator=C12 New Designator=C1
Change Component Physical Designator: Old Designator=R1_Primary New Designator=R27
Change Component Physical Designator: Old Designator=R1_Secondary New Designator=R32
Change Component Physical Designator: Old Designator=R2_Primary New Designator=R28
Change Component Physical Designator: Old Designator=R2_Secondary New Designator=R33
Change Component Physical Designator: Old Designator=R3_Primary New Designator=R29
Change Component Physical Designator: Old Designator=R3_Secondary New Designator=R34
Change Component Physical Designator: Old Designator=R4_Primary New Designator=R30
Change Component Physical Designator: Old Designator=R4_Secondary New Designator=R35
Change Component Physical Designator: Old Designator=R5_Primary New Designator=R31
Change Component Physical Designator: Old Designator=R5_Secondary New Designator=R36
Change Component Physical Designator: Old Designator=R6_Detection1 New Designator=R7
Change Component Physical Designator: Old Designator=R6_Detection2 New Designator=R17
Change Component Physical Designator: Old Designator=R7_Detection1 New Designator=R8
Change Component Physical Designator: Old Designator=R7_Detection2 New Designator=R18
Change Component Physical Designator: Old Designator=R8_Detection1 New Designator=R9
Change Component Physical Designator: Old Designator=R8_Detection2 New Designator=R19
Change Component Physical Designator: Old Designator=R9_Detection1 New Designator=R10
Change Component Physical Designator: Old Designator=R9_Detection2 New Designator=R20
Change Component Physical Designator: Old Designator=R10_Detection1 New Designator=R11
Change Component Physical Designator: Old Designator=R10_Detection2 New Designator=R21
Change Component Physical Designator: Old Designator=R11_Detection1 New Designator=R12
Change Component Physical Designator: Old Designator=R11_Detection2 New Designator=R22
Change Component Physical Designator: Old Designator=R12_Detection1 New Designator=R13
Change Component Physical Designator: Old Designator=R12_Detection2 New Designator=R23
Change Component Physical Designator: Old Designator=R13_Detection1 New Designator=R14
Change Component Physical Designator: Old Designator=R13_Detection2 New Designator=R24
Change Component Physical Designator: Old Designator=R14_Detection1 New Designator=R15
Change Component Physical Designator: Old Designator=R14_Detection2 New Designator=R25
Change Component Physical Designator: Old Designator=R15_Detection1 New Designator=R16
Change Component Physical Designator: Old Designator=R15_Detection2 New Designator=R26
Change Component Physical Designator: Old Designator=R16 New Designator=R1
Change Component Physical Designator: Old Designator=R17 New Designator=R2
Change Component Physical Designator: Old Designator=R18 New Designator=R3
Change Component Physical Designator: Old Designator=R19 New Designator=R4
Change Component Physical Designator: Old Designator=R20 New Designator=R5
Change Component Physical Designator: Old Designator=R21 New Designator=R6
Change Component Physical Designator: Old Designator=U1_Primary New Designator=U42
Change Component Physical Designator: Old Designator=U1_Primary New Designator=U42
Change Component Physical Designator: Old Designator=U1_Primary New Designator=U42
Change Component Physical Designator: Old Designator=U1_Primary New Designator=U42
Change Component Physical Designator: Old Designator=U1_Primary New Designator=U42
Change Component Physical Designator: Old Designator=U1_Secondary New Designator=U47
Change Component Physical Designator: Old Designator=U1_Secondary New Designator=U47
Change Component Physical Designator: Old Designator=U1_Secondary New Designator=U47
Change Component Physical Designator: Old Designator=U1_Secondary New Designator=U47
Change Component Physical Designator: Old Designator=U1_Secondary New Designator=U47
Change Component Physical Designator: Old Designator=U2_Primary New Designator=U43
Change Component Physical Designator: Old Designator=U2_Primary New Designator=U43
Change Component Physical Designator: Old Designator=U2_Primary New Designator=U43
Change Component Physical Designator: Old Designator=U2_Primary New Designator=U43
Change Component Physical Designator: Old Designator=U2_Primary New Designator=U43
Change Component Physical Designator: Old Designator=U2_Secondary New Designator=U48
Change Component Physical Designator: Old Designator=U2_Secondary New Designator=U48
Change Component Physical Designator: Old Designator=U2_Secondary New Designator=U48
Change Component Physical Designator: Old Designator=U2_Secondary New Designator=U48
Change Component Physical Designator: Old Designator=U2_Secondary New Designator=U48
Change Component Physical Designator: Old Designator=U3_Primary New Designator=U44
Change Component Physical Designator: Old Designator=U3_Primary New Designator=U44
Change Component Physical Designator: Old Designator=U3_Primary New Designator=U44
Change Component Physical Designator: Old Designator=U3_Secondary New Designator=U49
Change Component Physical Designator: Old Designator=U3_Secondary New Designator=U49
Change Component Physical Designator: Old Designator=U3_Secondary New Designator=U49
Change Component Physical Designator: Old Designator=U4_Primary New Designator=U45
Change Component Physical Designator: Old Designator=U4_Primary New Designator=U45
Change Component Physical Designator: Old Designator=U4_Primary New Designator=U45
Change Component Physical Designator: Old Designator=U4_Secondary New Designator=U50
Change Component Physical Designator: Old Designator=U4_Secondary New Designator=U50
Change Component Physical Designator: Old Designator=U4_Secondary New Designator=U50
Change Component Physical Designator: Old Designator=U5_Primary New Designator=U46
Change Component Physical Designator: Old Designator=U5_Primary New Designator=U46
Change Component Physical Designator: Old Designator=U5_Primary New Designator=U46
Change Component Physical Designator: Old Designator=U5_Secondary New Designator=U51
Change Component Physical Designator: Old Designator=U5_Secondary New Designator=U51
Change Component Physical Designator: Old Designator=U5_Secondary New Designator=U51
Change Component Physical Designator: Old Designator=U7_Detection1 New Designator=U6
Change Component Physical Designator: Old Designator=U7_Detection2 New Designator=U24
Change Component Physical Designator: Old Designator=U8_Detection1 New Designator=U16
Change Component Physical Designator: Old Designator=U8_Detection1 New Designator=U16
Change Component Physical Designator: Old Designator=U8_Detection1 New Designator=U16
Change Component Physical Designator: Old Designator=U8_Detection2 New Designator=U34
Change Component Physical Designator: Old Designator=U8_Detection2 New Designator=U34
Change Component Physical Designator: Old Designator=U8_Detection2 New Designator=U34
Change Component Physical Designator: Old Designator=U9_Detection1 New Designator=U13
Change Component Physical Designator: Old Designator=U9_Detection1 New Designator=U13
Change Component Physical Designator: Old Designator=U9_Detection1 New Designator=U13
Change Component Physical Designator: Old Designator=U9_Detection1 New Designator=U13
Change Component Physical Designator: Old Designator=U9_Detection1 New Designator=U13
Change Component Physical Designator: Old Designator=U9_Detection2 New Designator=U31
Change Component Physical Designator: Old Designator=U9_Detection2 New Designator=U31
Change Component Physical Designator: Old Designator=U9_Detection2 New Designator=U31
Change Component Physical Designator: Old Designator=U9_Detection2 New Designator=U31
Change Component Physical Designator: Old Designator=U9_Detection2 New Designator=U31
Change Component Physical Designator: Old Designator=U10_Detection1 New Designator=U7
Change Component Physical Designator: Old Designator=U10_Detection2 New Designator=U25
Change Component Physical Designator: Old Designator=U11_Detection1 New Designator=U8
Change Component Physical Designator: Old Designator=U11_Detection2 New Designator=U26
Change Component Physical Designator: Old Designator=U12_Detection1 New Designator=U9
Change Component Physical Designator: Old Designator=U12_Detection2 New Designator=U27
Change Component Physical Designator: Old Designator=U13_Detection1 New Designator=U12
Change Component Physical Designator: Old Designator=U13_Detection1 New Designator=U12
Change Component Physical Designator: Old Designator=U13_Detection1 New Designator=U12
Change Component Physical Designator: Old Designator=U13_Detection2 New Designator=U30
Change Component Physical Designator: Old Designator=U13_Detection2 New Designator=U30
Change Component Physical Designator: Old Designator=U13_Detection2 New Designator=U30
Change Component Physical Designator: Old Designator=U14_Detection1 New Designator=U10
Change Component Physical Designator: Old Designator=U14_Detection2 New Designator=U28
Change Component Physical Designator: Old Designator=U15_Detection1 New Designator=U11
Change Component Physical Designator: Old Designator=U15_Detection2 New Designator=U29
Change Component Physical Designator: Old Designator=U16_Detection1 New Designator=U20
Change Component Physical Designator: Old Designator=U16_Detection1 New Designator=U20
Change Component Physical Designator: Old Designator=U16_Detection1 New Designator=U20
Change Component Physical Designator: Old Designator=U16_Detection2 New Designator=U38
Change Component Physical Designator: Old Designator=U16_Detection2 New Designator=U38
Change Component Physical Designator: Old Designator=U16_Detection2 New Designator=U38
Change Component Physical Designator: Old Designator=U17_Detection1 New Designator=U22
Change Component Physical Designator: Old Designator=U17_Detection1 New Designator=U22
Change Component Physical Designator: Old Designator=U17_Detection1 New Designator=U22
Change Component Physical Designator: Old Designator=U17_Detection1 New Designator=U22
Change Component Physical Designator: Old Designator=U17_Detection1 New Designator=U22
Change Component Physical Designator: Old Designator=U17_Detection2 New Designator=U40
Change Component Physical Designator: Old Designator=U17_Detection2 New Designator=U40
Change Component Physical Designator: Old Designator=U17_Detection2 New Designator=U40
Change Component Physical Designator: Old Designator=U17_Detection2 New Designator=U40
Change Component Physical Designator: Old Designator=U17_Detection2 New Designator=U40
Change Component Physical Designator: Old Designator=U18_Detection1 New Designator=U14
Change Component Physical Designator: Old Designator=U18_Detection2 New Designator=U32
Change Component Physical Designator: Old Designator=U19_Detection1 New Designator=U15
Change Component Physical Designator: Old Designator=U19_Detection2 New Designator=U33
Change Component Physical Designator: Old Designator=U20_Detection1 New Designator=U17
Change Component Physical Designator: Old Designator=U20_Detection2 New Designator=U35
Change Component Physical Designator: Old Designator=U21_Detection1 New Designator=U18
Change Component Physical Designator: Old Designator=U21_Detection2 New Designator=U36
Change Component Physical Designator: Old Designator=U22_Detection1 New Designator=U23
Change Component Physical Designator: Old Designator=U22_Detection1 New Designator=U23
Change Component Physical Designator: Old Designator=U22_Detection1 New Designator=U23
Change Component Physical Designator: Old Designator=U22_Detection2 New Designator=U41
Change Component Physical Designator: Old Designator=U22_Detection2 New Designator=U41
Change Component Physical Designator: Old Designator=U22_Detection2 New Designator=U41
Change Component Physical Designator: Old Designator=U23_Detection1 New Designator=U19
Change Component Physical Designator: Old Designator=U23_Detection2 New Designator=U37
Change Component Physical Designator: Old Designator=U24_Detection1 New Designator=U21
Change Component Physical Designator: Old Designator=U24_Detection2 New Designator=U39
Change Component Physical Designator: Old Designator=U25 New Designator=U1
Change Component Physical Designator: Old Designator=U26 New Designator=U2
Change Component Physical Designator: Old Designator=U27 New Designator=U3
Change Component Physical Designator: Old Designator=U28 New Designator=U4
Change Component Physical Designator: Old Designator=U29 New Designator=U5
