Removed Pin From Net: NetName=+3V Pin=R8-1
Removed Pin From Net: NetName=+2V Pin=R9-1
Removed Pin From Net: NetName=+3V Pin=R11-2
Removed Pin From Net: NetName=+2V Pin=R12-2
Removed Pin From Net: NetName=+4V Pin=R17-1
Removed Pin From Net: NetName=+4V Pin=R20-2
Removed Pin From Net: NetName=+3V Pin=U7-3
Removed Pin From Net: NetName=+2V Pin=U9-3
Removed Pin From Net: NetName=+3V Pin=U10-3
Removed Pin From Net: NetName=+3V Pin=U14-3
Removed Pin From Net: NetName=+2V Pin=U15-3
Removed Pin From Net: NetName=+2V Pin=U17-3
Removed Pin From Net: NetName=+3V Pin=U19-3
Removed Pin From Net: NetName=+2V Pin=U21-3
Removed Pin From Net: NetName=+4V Pin=U24-3
Removed Pin From Net: NetName=+4V Pin=U26-3
Removed Pin From Net: NetName=+4V Pin=U29-3
Removed Pin From Net: NetName=+4V Pin=U36-3
Change Net Name : Old Net Name=+2V New Net Name=+2V_Detection2
Change Net Name : Old Net Name=+3V New Net Name=+3V_Detection2
Change Net Name : Old Net Name=+4V New Net Name=+4V_Detection1
Added Pin To Net: NetName=+2V_Detection1 Pin=R9-1
Added Pin To Net: NetName=+2V_Detection1 Pin=R12-2
Added Pin To Net: NetName=+2V_Detection1 Pin=U9-3
Added Pin To Net: NetName=+2V_Detection1 Pin=U15-3
Added Pin To Net: NetName=+2V_Detection1 Pin=U17-3
Added Pin To Net: NetName=+2V_Detection1 Pin=U21-3
Added Net: Name=+2V_Detection1
Added Pin To Net: NetName=+3V_Detection1 Pin=R8-1
Added Pin To Net: NetName=+3V_Detection1 Pin=R11-2
Added Pin To Net: NetName=+3V_Detection1 Pin=U7-3
Added Pin To Net: NetName=+3V_Detection1 Pin=U10-3
Added Pin To Net: NetName=+3V_Detection1 Pin=U14-3
Added Pin To Net: NetName=+3V_Detection1 Pin=U19-3
Added Net: Name=+3V_Detection1
Added Pin To Net: NetName=+4V_Detection2 Pin=R17-1
Added Pin To Net: NetName=+4V_Detection2 Pin=R20-2
Added Pin To Net: NetName=+4V_Detection2 Pin=U24-3
Added Pin To Net: NetName=+4V_Detection2 Pin=U26-3
Added Pin To Net: NetName=+4V_Detection2 Pin=U29-3
Added Pin To Net: NetName=+4V_Detection2 Pin=U36-3
Added Net: Name=+4V_Detection2
