Reset Component Physical Designator: Old Designator=*1 New Designator=*
Reset Component Physical Designator: Old Designator=C1 New Designator=C12
Reset Component Physical Designator: Old Designator=C2 New Designator=C6_Detection1
Reset Component Physical Designator: Old Designator=C3 New Designator=C7_Detection1
Reset Component Physical Designator: Old Designator=C4 New Designator=C8_Detection1
Reset Component Physical Designator: Old Designator=C5 New Designator=C9_Detection1
Reset Component Physical Designator: Old Designator=C6 New Designator=C10_Detection1
Reset Component Physical Designator: Old Designator=C7 New Designator=C11_Detection1
Reset Component Physical Designator: Old Designator=C8 New Designator=C6_Detection2
Reset Component Physical Designator: Old Designator=C9 New Designator=C7_Detection2
Reset Component Physical Designator: Old Designator=C10 New Designator=C8_Detection2
Reset Component Physical Designator: Old Designator=C11 New Designator=C9_Detection2
Reset Component Physical Designator: Old Designator=C12 New Designator=C10_Detection2
Reset Component Physical Designator: Old Designator=C13 New Designator=C11_Detection2
Reset Component Physical Designator: Old Designator=C14 New Designator=C1_Primary
Reset Component Physical Designator: Old Designator=C15 New Designator=C2_Primary
Reset Component Physical Designator: Old Designator=C16 New Designator=C3_Primary
Reset Component Physical Designator: Old Designator=C17 New Designator=C4_Primary
Reset Component Physical Designator: Old Designator=C18 New Designator=C5_Primary
Reset Component Physical Designator: Old Designator=C19 New Designator=C1_Secondary
Reset Component Physical Designator: Old Designator=C20 New Designator=C2_Secondary
Reset Component Physical Designator: Old Designator=C21 New Designator=C3_Secondary
Reset Component Physical Designator: Old Designator=C22 New Designator=C4_Secondary
Reset Component Physical Designator: Old Designator=C23 New Designator=C5_Secondary
Reset Component Physical Designator: Old Designator=C?1 New Designator=C13_Detection1
Reset Component Physical Designator: Old Designator=C?2 New Designator=C14_Detection1
Reset Component Physical Designator: Old Designator=C?3 New Designator=C15_Detection1
Reset Component Physical Designator: Old Designator=C?4 New Designator=C16_Detection1
Reset Component Physical Designator: Old Designator=C?5 New Designator=C17_Detection1
Reset Component Physical Designator: Old Designator=C?6 New Designator=C18_Detection1
Reset Component Physical Designator: Old Designator=C?7 New Designator=C19_Detection1
Reset Component Physical Designator: Old Designator=C?8 New Designator=C20_Detection1
Reset Component Physical Designator: Old Designator=C?9 New Designator=C21_Detection1
Reset Component Physical Designator: Old Designator=C?10 New Designator=C22_Detection1
Reset Component Physical Designator: Old Designator=C?11 New Designator=C23_Detection1
Reset Component Physical Designator: Old Designator=C?12 New Designator=C24_Detection1
Reset Component Physical Designator: Old Designator=C?13 New Designator=C13_Detection2
Reset Component Physical Designator: Old Designator=C?14 New Designator=C14_Detection2
Reset Component Physical Designator: Old Designator=C?15 New Designator=C15_Detection2
Reset Component Physical Designator: Old Designator=C?16 New Designator=C16_Detection2
Reset Component Physical Designator: Old Designator=C?17 New Designator=C17_Detection2
Reset Component Physical Designator: Old Designator=C?18 New Designator=C18_Detection2
Reset Component Physical Designator: Old Designator=C?19 New Designator=C19_Detection2
Reset Component Physical Designator: Old Designator=C?20 New Designator=C20_Detection2
Reset Component Physical Designator: Old Designator=C?21 New Designator=C21_Detection2
Reset Component Physical Designator: Old Designator=C?22 New Designator=C22_Detection2
Reset Component Physical Designator: Old Designator=C?23 New Designator=C23_Detection2
Reset Component Physical Designator: Old Designator=C?24 New Designator=C24_Detection2
Reset Component Physical Designator: Old Designator=J1 New Designator=J1
Reset Component Physical Designator: Old Designator=J2 New Designator=J2
Reset Component Physical Designator: Old Designator=J3 New Designator=J3
Reset Component Physical Designator: Old Designator=J4 New Designator=J4
Reset Component Physical Designator: Old Designator=J5 New Designator=J5
Reset Component Physical Designator: Old Designator=R1 New Designator=R16
Reset Component Physical Designator: Old Designator=R2 New Designator=R17
Reset Component Physical Designator: Old Designator=R3 New Designator=R18
Reset Component Physical Designator: Old Designator=R4 New Designator=R19
Reset Component Physical Designator: Old Designator=R5 New Designator=R20
Reset Component Physical Designator: Old Designator=R6 New Designator=R21
Reset Component Physical Designator: Old Designator=R7 New Designator=R6_Detection1
Reset Component Physical Designator: Old Designator=R8 New Designator=R7_Detection1
Reset Component Physical Designator: Old Designator=R9 New Designator=R8_Detection1
Reset Component Physical Designator: Old Designator=R10 New Designator=R9_Detection1
Reset Component Physical Designator: Old Designator=R11 New Designator=R10_Detection1
Reset Component Physical Designator: Old Designator=R12 New Designator=R11_Detection1
Reset Component Physical Designator: Old Designator=R13 New Designator=R12_Detection1
Reset Component Physical Designator: Old Designator=R14 New Designator=R13_Detection1
Reset Component Physical Designator: Old Designator=R15 New Designator=R14_Detection1
Reset Component Physical Designator: Old Designator=R16 New Designator=R15_Detection1
Reset Component Physical Designator: Old Designator=R17 New Designator=R6_Detection2
Reset Component Physical Designator: Old Designator=R18 New Designator=R7_Detection2
Reset Component Physical Designator: Old Designator=R19 New Designator=R8_Detection2
Reset Component Physical Designator: Old Designator=R20 New Designator=R9_Detection2
Reset Component Physical Designator: Old Designator=R21 New Designator=R10_Detection2
Reset Component Physical Designator: Old Designator=R22 New Designator=R11_Detection2
Reset Component Physical Designator: Old Designator=R23 New Designator=R12_Detection2
Reset Component Physical Designator: Old Designator=R24 New Designator=R13_Detection2
Reset Component Physical Designator: Old Designator=R25 New Designator=R14_Detection2
Reset Component Physical Designator: Old Designator=R26 New Designator=R15_Detection2
Reset Component Physical Designator: Old Designator=R27 New Designator=R1_Primary
Reset Component Physical Designator: Old Designator=R28 New Designator=R2_Primary
Reset Component Physical Designator: Old Designator=R29 New Designator=R3_Primary
Reset Component Physical Designator: Old Designator=R30 New Designator=R4_Primary
Reset Component Physical Designator: Old Designator=R31 New Designator=R5_Primary
Reset Component Physical Designator: Old Designator=R32 New Designator=R1_Secondary
Reset Component Physical Designator: Old Designator=R33 New Designator=R2_Secondary
Reset Component Physical Designator: Old Designator=R34 New Designator=R3_Secondary
Reset Component Physical Designator: Old Designator=R35 New Designator=R4_Secondary
Reset Component Physical Designator: Old Designator=R36 New Designator=R5_Secondary
Reset Component Physical Designator: Old Designator=U1 New Designator=U25
Reset Component Physical Designator: Old Designator=U2 New Designator=U26
Reset Component Physical Designator: Old Designator=U3 New Designator=U27
Reset Component Physical Designator: Old Designator=U4 New Designator=U28
Reset Component Physical Designator: Old Designator=U5 New Designator=U29
Reset Component Physical Designator: Old Designator=U6 New Designator=U7_Detection1
Reset Component Physical Designator: Old Designator=U7 New Designator=U10_Detection1
Reset Component Physical Designator: Old Designator=U8 New Designator=U11_Detection1
Reset Component Physical Designator: Old Designator=U9 New Designator=U12_Detection1
Reset Component Physical Designator: Old Designator=U10 New Designator=U14_Detection1
Reset Component Physical Designator: Old Designator=U11 New Designator=U15_Detection1
Reset Component Physical Designator: Old Designator=U12 New Designator=U13_Detection1
Reset Component Physical Designator: Old Designator=U12 New Designator=U13_Detection1
Reset Component Physical Designator: Old Designator=U12 New Designator=U13_Detection1
Reset Component Physical Designator: Old Designator=U13 New Designator=U9_Detection1
Reset Component Physical Designator: Old Designator=U13 New Designator=U9_Detection1
Reset Component Physical Designator: Old Designator=U13 New Designator=U9_Detection1
Reset Component Physical Designator: Old Designator=U13 New Designator=U9_Detection1
Reset Component Physical Designator: Old Designator=U13 New Designator=U9_Detection1
Reset Component Physical Designator: Old Designator=U14 New Designator=U18_Detection1
Reset Component Physical Designator: Old Designator=U15 New Designator=U19_Detection1
Reset Component Physical Designator: Old Designator=U16 New Designator=U8_Detection1
Reset Component Physical Designator: Old Designator=U16 New Designator=U8_Detection1
Reset Component Physical Designator: Old Designator=U16 New Designator=U8_Detection1
Reset Component Physical Designator: Old Designator=U17 New Designator=U20_Detection1
Reset Component Physical Designator: Old Designator=U18 New Designator=U21_Detection1
Reset Component Physical Designator: Old Designator=U19 New Designator=U23_Detection1
Reset Component Physical Designator: Old Designator=U20 New Designator=U16_Detection1
Reset Component Physical Designator: Old Designator=U20 New Designator=U16_Detection1
Reset Component Physical Designator: Old Designator=U20 New Designator=U16_Detection1
Reset Component Physical Designator: Old Designator=U21 New Designator=U24_Detection1
Reset Component Physical Designator: Old Designator=U22 New Designator=U17_Detection1
Reset Component Physical Designator: Old Designator=U22 New Designator=U17_Detection1
Reset Component Physical Designator: Old Designator=U22 New Designator=U17_Detection1
Reset Component Physical Designator: Old Designator=U22 New Designator=U17_Detection1
Reset Component Physical Designator: Old Designator=U22 New Designator=U17_Detection1
Reset Component Physical Designator: Old Designator=U23 New Designator=U22_Detection1
Reset Component Physical Designator: Old Designator=U23 New Designator=U22_Detection1
Reset Component Physical Designator: Old Designator=U23 New Designator=U22_Detection1
Reset Component Physical Designator: Old Designator=U24 New Designator=U7_Detection2
Reset Component Physical Designator: Old Designator=U25 New Designator=U10_Detection2
Reset Component Physical Designator: Old Designator=U26 New Designator=U11_Detection2
Reset Component Physical Designator: Old Designator=U27 New Designator=U12_Detection2
Reset Component Physical Designator: Old Designator=U28 New Designator=U14_Detection2
Reset Component Physical Designator: Old Designator=U29 New Designator=U15_Detection2
Reset Component Physical Designator: Old Designator=U30 New Designator=U13_Detection2
Reset Component Physical Designator: Old Designator=U30 New Designator=U13_Detection2
Reset Component Physical Designator: Old Designator=U30 New Designator=U13_Detection2
Reset Component Physical Designator: Old Designator=U31 New Designator=U9_Detection2
Reset Component Physical Designator: Old Designator=U31 New Designator=U9_Detection2
Reset Component Physical Designator: Old Designator=U31 New Designator=U9_Detection2
Reset Component Physical Designator: Old Designator=U31 New Designator=U9_Detection2
Reset Component Physical Designator: Old Designator=U31 New Designator=U9_Detection2
Reset Component Physical Designator: Old Designator=U32 New Designator=U18_Detection2
Reset Component Physical Designator: Old Designator=U33 New Designator=U19_Detection2
Reset Component Physical Designator: Old Designator=U34 New Designator=U8_Detection2
Reset Component Physical Designator: Old Designator=U34 New Designator=U8_Detection2
Reset Component Physical Designator: Old Designator=U34 New Designator=U8_Detection2
Reset Component Physical Designator: Old Designator=U35 New Designator=U20_Detection2
Reset Component Physical Designator: Old Designator=U36 New Designator=U21_Detection2
Reset Component Physical Designator: Old Designator=U37 New Designator=U23_Detection2
Reset Component Physical Designator: Old Designator=U38 New Designator=U16_Detection2
Reset Component Physical Designator: Old Designator=U38 New Designator=U16_Detection2
Reset Component Physical Designator: Old Designator=U38 New Designator=U16_Detection2
Reset Component Physical Designator: Old Designator=U39 New Designator=U24_Detection2
Reset Component Physical Designator: Old Designator=U40 New Designator=U17_Detection2
Reset Component Physical Designator: Old Designator=U40 New Designator=U17_Detection2
Reset Component Physical Designator: Old Designator=U40 New Designator=U17_Detection2
Reset Component Physical Designator: Old Designator=U40 New Designator=U17_Detection2
Reset Component Physical Designator: Old Designator=U40 New Designator=U17_Detection2
Reset Component Physical Designator: Old Designator=U41 New Designator=U22_Detection2
Reset Component Physical Designator: Old Designator=U41 New Designator=U22_Detection2
Reset Component Physical Designator: Old Designator=U41 New Designator=U22_Detection2
Reset Component Physical Designator: Old Designator=U42 New Designator=U1_Primary
Reset Component Physical Designator: Old Designator=U42 New Designator=U1_Primary
Reset Component Physical Designator: Old Designator=U42 New Designator=U1_Primary
Reset Component Physical Designator: Old Designator=U42 New Designator=U1_Primary
Reset Component Physical Designator: Old Designator=U42 New Designator=U1_Primary
Reset Component Physical Designator: Old Designator=U43 New Designator=U2_Primary
Reset Component Physical Designator: Old Designator=U43 New Designator=U2_Primary
Reset Component Physical Designator: Old Designator=U43 New Designator=U2_Primary
Reset Component Physical Designator: Old Designator=U43 New Designator=U2_Primary
Reset Component Physical Designator: Old Designator=U43 New Designator=U2_Primary
Reset Component Physical Designator: Old Designator=U44 New Designator=U3_Primary
Reset Component Physical Designator: Old Designator=U44 New Designator=U3_Primary
Reset Component Physical Designator: Old Designator=U44 New Designator=U3_Primary
Reset Component Physical Designator: Old Designator=U45 New Designator=U4_Primary
Reset Component Physical Designator: Old Designator=U45 New Designator=U4_Primary
Reset Component Physical Designator: Old Designator=U45 New Designator=U4_Primary
Reset Component Physical Designator: Old Designator=U46 New Designator=U5_Primary
Reset Component Physical Designator: Old Designator=U46 New Designator=U5_Primary
Reset Component Physical Designator: Old Designator=U46 New Designator=U5_Primary
Reset Component Physical Designator: Old Designator=U47 New Designator=U1_Secondary
Reset Component Physical Designator: Old Designator=U47 New Designator=U1_Secondary
Reset Component Physical Designator: Old Designator=U47 New Designator=U1_Secondary
Reset Component Physical Designator: Old Designator=U47 New Designator=U1_Secondary
Reset Component Physical Designator: Old Designator=U47 New Designator=U1_Secondary
Reset Component Physical Designator: Old Designator=U48 New Designator=U2_Secondary
Reset Component Physical Designator: Old Designator=U48 New Designator=U2_Secondary
Reset Component Physical Designator: Old Designator=U48 New Designator=U2_Secondary
Reset Component Physical Designator: Old Designator=U48 New Designator=U2_Secondary
Reset Component Physical Designator: Old Designator=U48 New Designator=U2_Secondary
Reset Component Physical Designator: Old Designator=U49 New Designator=U3_Secondary
Reset Component Physical Designator: Old Designator=U49 New Designator=U3_Secondary
Reset Component Physical Designator: Old Designator=U49 New Designator=U3_Secondary
Reset Component Physical Designator: Old Designator=U50 New Designator=U4_Secondary
Reset Component Physical Designator: Old Designator=U50 New Designator=U4_Secondary
Reset Component Physical Designator: Old Designator=U50 New Designator=U4_Secondary
Reset Component Physical Designator: Old Designator=U51 New Designator=U5_Secondary
Reset Component Physical Designator: Old Designator=U51 New Designator=U5_Secondary
Reset Component Physical Designator: Old Designator=U51 New Designator=U5_Secondary
