Replace Part C1 CAP in F:\Дистанционное обучение\7 Семестр\Курсовой проект по электронике\Курсовой GIT Шурик\PCB_Project\Sheet4.SchDoc with CAP from Kursovoi proekt.IntLib
Replace Part C2 CAP in F:\Дистанционное обучение\7 Семестр\Курсовой проект по электронике\Курсовой GIT Шурик\PCB_Project\Sheet4.SchDoc with CAP from Kursovoi proekt.IntLib
Replace Part C3 CAP in F:\Дистанционное обучение\7 Семестр\Курсовой проект по электронике\Курсовой GIT Шурик\PCB_Project\Sheet4.SchDoc with CAP from Kursovoi proekt.IntLib
Replace Part C4 CAP in F:\Дистанционное обучение\7 Семестр\Курсовой проект по электронике\Курсовой GIT Шурик\PCB_Project\Sheet4.SchDoc with CAP from Kursovoi proekt.IntLib
Replace Part C5 CAP in F:\Дистанционное обучение\7 Семестр\Курсовой проект по электронике\Курсовой GIT Шурик\PCB_Project\Sheet4.SchDoc with CAP from Kursovoi proekt.IntLib
Replace Part C6 CAP in F:\Дистанционное обучение\7 Семестр\Курсовой проект по электронике\Курсовой GIT Шурик\PCB_Project\Sheet4.SchDoc with CAP from Kursovoi proekt.IntLib
Replace Part C7 CAP in F:\Дистанционное обучение\7 Семестр\Курсовой проект по электронике\Курсовой GIT Шурик\PCB_Project\Sheet4.SchDoc with CAP from Kursovoi proekt.IntLib
Replace Part C8 CAP in F:\Дистанционное обучение\7 Семестр\Курсовой проект по электронике\Курсовой GIT Шурик\PCB_Project\Sheet4.SchDoc with CAP from Kursovoi proekt.IntLib
Replace Part C9 CAP in F:\Дистанционное обучение\7 Семестр\Курсовой проект по электронике\Курсовой GIT Шурик\PCB_Project\Sheet4.SchDoc with CAP from Kursovoi proekt.IntLib
Replace Part C10 CAP in F:\Дистанционное обучение\7 Семестр\Курсовой проект по электронике\Курсовой GIT Шурик\PCB_Project\Sheet4.SchDoc with CAP from Kursovoi proekt.IntLib
Replace Part C11 CAP in F:\Дистанционное обучение\7 Семестр\Курсовой проект по электронике\Курсовой GIT Шурик\PCB_Project\Sheet4.SchDoc with CAP from Kursovoi proekt.IntLib
Replace Part C12 CAP in F:\Дистанционное обучение\7 Семестр\Курсовой проект по электронике\Курсовой GIT Шурик\PCB_Project\Sheet4.SchDoc with CAP from Kursovoi proekt.IntLib
Replace Part C13 CAP in F:\Дистанционное обучение\7 Семестр\Курсовой проект по электронике\Курсовой GIT Шурик\PCB_Project\Sheet4.SchDoc with CAP from Kursovoi proekt.IntLib
Replace Part C14 CAP in F:\Дистанционное обучение\7 Семестр\Курсовой проект по электронике\Курсовой GIT Шурик\PCB_Project\Sheet4.SchDoc with CAP from Kursovoi proekt.IntLib
Replace Part C15 CAP in F:\Дистанционное обучение\7 Семестр\Курсовой проект по электронике\Курсовой GIT Шурик\PCB_Project\Sheet4.SchDoc with CAP from Kursovoi proekt.IntLib
Replace Part D1 Diode in F:\Дистанционное обучение\7 Семестр\Курсовой проект по электронике\Курсовой GIT Шурик\PCB_Project\Sheet4.SchDoc with Diode from Kursovoi proekt.IntLib
Replace Part D2 Diode in F:\Дистанционное обучение\7 Семестр\Курсовой проект по электронике\Курсовой GIT Шурик\PCB_Project\Sheet4.SchDoc with Diode from Kursovoi proekt.IntLib
Replace Part D3 Diode in F:\Дистанционное обучение\7 Семестр\Курсовой проект по электронике\Курсовой GIT Шурик\PCB_Project\Sheet4.SchDoc with Diode from Kursovoi proekt.IntLib
Replace Part DA1 Isolated Op_Amp(AMC1350) in F:\Дистанционное обучение\7 Семестр\Курсовой проект по электронике\Курсовой GIT Шурик\PCB_Project\Sheet4.SchDoc with Isolated Op_Amp(AMC1350) from Kursovoi proekt.IntLib
Replace Part DA2 Isolated Op_Amp(AMC1350) in F:\Дистанционное обучение\7 Семестр\Курсовой проект по электронике\Курсовой GIT Шурик\PCB_Project\Sheet4.SchDoc with Isolated Op_Amp(AMC1350) from Kursovoi proekt.IntLib
Replace Part DA3 Isolated Op_Amp(AMC1350) in F:\Дистанционное обучение\7 Семестр\Курсовой проект по электронике\Курсовой GIT Шурик\PCB_Project\Sheet4.SchDoc with Isolated Op_Amp(AMC1350) from Kursovoi proekt.IntLib
Replace Part DA4 LDO(TPS7A4901DGNR) in F:\Дистанционное обучение\7 Семестр\Курсовой проект по электронике\Курсовой GIT Шурик\PCB_Project\Sheet4.SchDoc with LDO(TPS7A4901DGNR) from Kursovoi proekt.IntLib
Replace Part DA5 SSR in F:\Дистанционное обучение\7 Семестр\Курсовой проект по электронике\Курсовой GIT Шурик\PCB_Project\Sheet4.SchDoc with SSR from Kursovoi proekt.IntLib
Replace Part DA6 SSR in F:\Дистанционное обучение\7 Семестр\Курсовой проект по электронике\Курсовой GIT Шурик\PCB_Project\Sheet4.SchDoc with SSR from Kursovoi proekt.IntLib
Replace Part DA7 SSR in F:\Дистанционное обучение\7 Семестр\Курсовой проект по электронике\Курсовой GIT Шурик\PCB_Project\Sheet4.SchDoc with SSR from Kursovoi proekt.IntLib
Replace Part DD1 MAX 485 in F:\Дистанционное обучение\7 Семестр\Курсовой проект по электронике\Курсовой GIT Шурик\PCB_Project\Sheet4.SchDoc with MAX 485 from Kursovoi proekt.IntLib
Replace Part DD2 Atmega16 in F:\Дистанционное обучение\7 Семестр\Курсовой проект по электронике\Курсовой GIT Шурик\PCB_Project\Sheet4.SchDoc with Atmega16 from Kursovoi proekt.IntLib
Replace Part Q1 Bipolar TVS in F:\Дистанционное обучение\7 Семестр\Курсовой проект по электронике\Курсовой GIT Шурик\PCB_Project\Sheet4.SchDoc with Bipolar TVS from Kursovoi proekt.IntLib
Replace Part QZ1 QZ in F:\Дистанционное обучение\7 Семестр\Курсовой проект по электронике\Курсовой GIT Шурик\PCB_Project\Sheet4.SchDoc with QZ from Kursovoi proekt.IntLib
Replace Part R1 Res in F:\Дистанционное обучение\7 Семестр\Курсовой проект по электронике\Курсовой GIT Шурик\PCB_Project\Sheet4.SchDoc with Res from Kursovoi proekt.IntLib
Replace Part R2 Res in F:\Дистанционное обучение\7 Семестр\Курсовой проект по электронике\Курсовой GIT Шурик\PCB_Project\Sheet4.SchDoc with Res from Kursovoi proekt.IntLib
Replace Part R3 Res in F:\Дистанционное обучение\7 Семестр\Курсовой проект по электронике\Курсовой GIT Шурик\PCB_Project\Sheet4.SchDoc with Res from Kursovoi proekt.IntLib
Replace Part R4 Res in F:\Дистанционное обучение\7 Семестр\Курсовой проект по электронике\Курсовой GIT Шурик\PCB_Project\Sheet4.SchDoc with Res from Kursovoi proekt.IntLib
Replace Part R5 Res in F:\Дистанционное обучение\7 Семестр\Курсовой проект по электронике\Курсовой GIT Шурик\PCB_Project\Sheet4.SchDoc with Res from Kursovoi proekt.IntLib
Replace Part R6 Res in F:\Дистанционное обучение\7 Семестр\Курсовой проект по электронике\Курсовой GIT Шурик\PCB_Project\Sheet4.SchDoc with Res from Kursovoi proekt.IntLib
Replace Part R7 Res in F:\Дистанционное обучение\7 Семестр\Курсовой проект по электронике\Курсовой GIT Шурик\PCB_Project\Sheet4.SchDoc with Res from Kursovoi proekt.IntLib
Replace Part R8 Res in F:\Дистанционное обучение\7 Семестр\Курсовой проект по электронике\Курсовой GIT Шурик\PCB_Project\Sheet4.SchDoc with Res from Kursovoi proekt.IntLib
Replace Part U1 THM 6-1211 in F:\Дистанционное обучение\7 Семестр\Курсовой проект по электронике\Курсовой GIT Шурик\PCB_Project\Sheet4.SchDoc with THM 6-1211 from Kursovoi proekt.IntLib
Replace Part U2 THM 6-1211 in F:\Дистанционное обучение\7 Семестр\Курсовой проект по электронике\Курсовой GIT Шурик\PCB_Project\Sheet4.SchDoc with THM 6-1211 from Kursovoi proekt.IntLib
Replace Part U3 THM 3-2411 in F:\Дистанционное обучение\7 Семестр\Курсовой проект по электронике\Курсовой GIT Шурик\PCB_Project\Sheet4.SchDoc with THM 3-2411 from Kursovoi proekt.IntLib
Replace Part X1 2 pin power connector (Molex) in F:\Дистанционное обучение\7 Семестр\Курсовой проект по электронике\Курсовой GIT Шурик\PCB_Project\Sheet4.SchDoc with 2 pin power connector (Molex) from Kursovoi proekt.IntLib
Replace Part X2 3 pin RS485 connector (Molex) in F:\Дистанционное обучение\7 Семестр\Курсовой проект по электронике\Курсовой GIT Шурик\PCB_Project\Sheet4.SchDoc with 3 pin RS485 connector (Molex) from Kursovoi proekt.IntLib
Replace Part X3 & 7408 in F:\Дистанционное обучение\7 Семестр\Курсовой проект по электронике\Курсовой GIT Шурик\PCB_Project\Sheet4.SchDoc with & 7408 from Kursovoi proekt.IntLib
Replace Part XP1 JTAG Connector(10pin) in F:\Дистанционное обучение\7 Семестр\Курсовой проект по электронике\Курсовой GIT Шурик\PCB_Project\Sheet4.SchDoc with JTAG Connector(10pin) from Kursovoi proekt.IntLib
